# JRE version: OpenJDK Runtime Environment (17.0.6) (build 17.0.6+0-b2043.56-10027231)
# Java VM: OpenJDK 64-Bit Server VM (17.0.6+0-b2043.56-10027231, mixed mode, tiered, compressed oops, compressed class ptrs, g1 gc, windows-amd64)
GC Precious Log:
 CPUs: 8 total, 8 available
 Memory: 12174M
 Large Page Support: Disabled
 NUMA Support: Disabled
 Compressed Oops: Enabled (32-bit)
 Heap Region Size: 1M
 Heap Min Capacity: 8M
 Heap Initial Capacity: 192M
 Heap Max Capacity: 2G
 Pre-touch: Disabled
 Parallel Workers: 8
 Concurrent Workers: 2
 Concurrent Refinement Workers: 8
 Periodic GC: Disabled
Heap:
 garbage-first heap   total 326656K, used 189283K [0x0000000080000000, 0x0000000100000000)
  region size 1024K, 2 young (2048K), 2 survivors (2048K)
 Metaspace       used 114291K, committed 116160K, reserved 1155072K
  class space    used 15440K, committed 16320K, reserved 1048576K
GC Heap History (20 events):
Event: 595.090 GC heap after
{Heap after GC invocations=50 (full 0):
 garbage-first heap   total 266240K, used 131743K [0x0000000080000000, 0x0000000100000000)
  region size 1024K, 12 young (12288K), 12 survivors (12288K)
 Metaspace       used 106329K, committed 107392K, reserved 1146880K
  class space    used 14208K, committed 14720K, reserved 1048576K
}
Event: 595.097 GC heap before
{Heap before GC invocations=50 (full 0):
 garbage-first heap   total 266240K, used 132767K [0x0000000080000000, 0x0000000100000000)
  region size 1024K, 13 young (13312K), 12 survivors (12288K)
 Metaspace       used 106329K, committed 107392K, reserved 1146880K
  class space    used 14208K, committed 14720K, reserved 1048576K
}
Event: 595.111 GC heap after
{Heap after GC invocations=51 (full 0):
 garbage-first heap   total 266240K, used 124617K [0x0000000080000000, 0x0000000100000000)
  region size 1024K, 2 young (2048K), 2 survivors (2048K)
 Metaspace       used 106329K, committed 107392K, reserved 1146880K
  class space    used 14208K, committed 14720K, reserved 1048576K
}
Event: 667.506 GC heap before
{Heap before GC invocations=51 (full 0):
 garbage-first heap   total 266240K, used 212681K [0x0000000080000000, 0x0000000100000000)
  region size 1024K, 89 young (91136K), 2 survivors (2048K)
 Metaspace       used 106484K, committed 107520K, reserved 1146880K
  class space    used 14208K, committed 14720K, reserved 1048576K
}
Event: 667.511 GC heap after
{Heap after GC invocations=52 (full 0):
 garbage-first heap   total 266240K, used 123787K [0x0000000080000000, 0x0000000100000000)
  region size 1024K, 2 young (2048K), 2 survivors (2048K)
 Metaspace       used 106484K, committed 107520K, reserved 1146880K
  class space    used 14208K, committed 14720K, reserved 1048576K
}
Event: 695.360 GC heap before
{Heap before GC invocations=53 (full 0):
 garbage-first heap   total 266240K, used 212875K [0x0000000080000000, 0x0000000100000000)
  region size 1024K, 92 young (94208K), 2 survivors (2048K)
 Metaspace       used 106576K, committed 107648K, reserved 1146880K
  class space    used 14209K, committed 14720K, reserved 1048576K
}
Event: 695.366 GC heap after
{Heap after GC invocations=54 (full 0):
 garbage-first heap   total 266240K, used 123510K [0x0000000080000000, 0x0000000100000000)
  region size 1024K, 3 young (3072K), 3 survivors (3072K)
 Metaspace       used 106576K, committed 107648K, reserved 1146880K
  class space    used 14209K, committed 14720K, reserved 1048576K
}
Event: 695.413 GC heap before
{Heap before GC invocations=54 (full 0):
 garbage-first heap   total 266240K, used 132726K [0x0000000080000000, 0x0000000100000000)
  region size 1024K, 13 young (13312K), 3 survivors (3072K)
 Metaspace       used 106580K, committed 107648K, reserved 1146880K
  class space    used 14209K, committed 14720K, reserved 1048576K
}
Event: 695.419 GC heap after
{Heap after GC invocations=55 (full 0):
 garbage-first heap   total 266240K, used 106387K [0x0000000080000000, 0x0000000100000000)
  region size 1024K, 1 young (1024K), 1 survivors (1024K)
 Metaspace       used 106580K, committed 107648K, reserved 1146880K
  class space    used 14209K, committed 14720K, reserved 1048576K
}
Event: 742.427 GC heap before
{Heap before GC invocations=55 (full 0):
 garbage-first heap   total 266240K, used 213907K [0x0000000080000000, 0x0000000100000000)
  region size 1024K, 107 young (109568K), 1 survivors (1024K)
 Metaspace       used 106913K, committed 108096K, reserved 1146880K
  class space    used 14270K, committed 14784K, reserved 1048576K
}
Event: 742.434 GC heap after
{Heap after GC invocations=56 (full 0):
 garbage-first heap   total 266240K, used 113076K [0x0000000080000000, 0x0000000100000000)
  region size 1024K, 8 young (8192K), 8 survivors (8192K)
 Metaspace       used 106913K, committed 108096K, reserved 1146880K
  class space    used 14270K, committed 14784K, reserved 1048576K
}
Event: 760.427 GC heap before
{Heap before GC invocations=57 (full 0):
 garbage-first heap   total 266240K, used 236980K [0x0000000080000000, 0x0000000100000000)
  region size 1024K, 100 young (102400K), 8 survivors (8192K)
 Metaspace       used 111475K, committed 113216K, reserved 1146880K
  class space    used 15043K, committed 15872K, reserved 1048576K
}
Event: 760.440 GC heap after
{Heap after GC invocations=58 (full 0):
 garbage-first heap   total 266240K, used 159968K [0x0000000080000000, 0x0000000100000000)
  region size 1024K, 14 young (14336K), 14 survivors (14336K)
 Metaspace       used 111475K, committed 113216K, reserved 1146880K
  class space    used 15043K, committed 15872K, reserved 1048576K
}
Event: 760.460 GC heap before
{Heap before GC invocations=58 (full 0):
 garbage-first heap   total 266240K, used 174304K [0x0000000080000000, 0x0000000100000000)
  region size 1024K, 15 young (15360K), 14 survivors (14336K)
 Metaspace       used 111475K, committed 113216K, reserved 1146880K
  class space    used 15043K, committed 15872K, reserved 1048576K
}
Event: 760.469 GC heap after
{Heap after GC invocations=59 (full 0):
 garbage-first heap   total 266240K, used 173160K [0x0000000080000000, 0x0000000100000000)
  region size 1024K, 2 young (2048K), 2 survivors (2048K)
 Metaspace       used 111475K, committed 113216K, reserved 1146880K
  class space    used 15043K, committed 15872K, reserved 1048576K
}
Event: 761.007 GC heap before
{Heap before GC invocations=59 (full 0):
 garbage-first heap   total 266240K, used 218216K [0x0000000080000000, 0x0000000100000000)
  region size 1024K, 48 young (49152K), 2 survivors (2048K)
 Metaspace       used 114272K, committed 116096K, reserved 1155072K
  class space    used 15440K, committed 16320K, reserved 1048576K
}
Event: 761.014 GC heap after
{Heap after GC invocations=60 (full 0):
 garbage-first heap   total 266240K, used 176499K [0x0000000080000000, 0x0000000100000000)
  region size 1024K, 5 young (5120K), 5 survivors (5120K)
 Metaspace       used 114272K, committed 116096K, reserved 1155072K
  class space    used 15440K, committed 16320K, reserved 1048576K
}
Event: 761.314 GC heap before
{Heap before GC invocations=61 (full 0):
 garbage-first heap   total 326656K, used 226675K [0x0000000080000000, 0x0000000100000000)
  region size 1024K, 51 young (52224K), 5 survivors (5120K)
 Metaspace       used 114275K, committed 116096K, reserved 1155072K
  class space    used 15440K, committed 16320K, reserved 1048576K
}
Event: 761.329 GC heap after
{Heap after GC invocations=62 (full 0):
 garbage-first heap   total 326656K, used 192774K [0x0000000080000000, 0x0000000100000000)
  region size 1024K, 7 young (7168K), 7 survivors (7168K)
 Metaspace       used 114275K, committed 116096K, reserved 1155072K
  class space    used 15440K, committed 16320K, reserved 1048576K
}
Event: 761.518 GC heap before
{Heap before GC invocations=62 (full 0):
 garbage-first heap   total 326656K, used 200966K [0x0000000080000000, 0x0000000100000000)
  region size 1024K, 15 young (15360K), 7 survivors (7168K)
 Metaspace       used 114291K, committed 116160K, reserved 1155072K
  class space    used 15440K, committed 16320K, reserved 1048576K
}

