# JRE version: OpenJDK Runtime Environment (17.0.6) (build 17.0.6+0-b2043.56-10027231)
# Java VM: OpenJDK 64-Bit Server VM (17.0.6+0-b2043.56-10027231, mixed mode, tiered, compressed oops, compressed class ptrs, g1 gc, windows-amd64)
GC Precious Log:
 CPUs: 8 total, 8 available
 Memory: 12174M
 Large Page Support: Disabled
 NUMA Support: Disabled
 Compressed Oops: Enabled (32-bit)
 Heap Region Size: 1M
 Heap Min Capacity: 8M
 Heap Initial Capacity: 192M
 Heap Max Capacity: 2G
 Pre-touch: Disabled
 Parallel Workers: 8
 Concurrent Workers: 2
 Concurrent Refinement Workers: 8
 Periodic GC: Disabled
Heap:
 garbage-first heap   total 350208K, used 245760K [0x0000000080000000, 0x0000000100000000)
  region size 1024K, 8 young (8192K), 8 survivors (8192K)
 Metaspace       used 107137K, committed 107904K, reserved 1146880K
  class space    used 14805K, committed 15168K, reserved 1048576K
GC Heap History (20 events):
Event: 14.507 GC heap after
{Heap after GC invocations=31 (full 0):
 garbage-first heap   total 141312K, used 67925K [0x0000000080000000, 0x0000000100000000)
  region size 1024K, 6 young (6144K), 6 survivors (6144K)
 Metaspace       used 81226K, committed 81856K, reserved 1122304K
  class space    used 11016K, committed 11328K, reserved 1048576K
}
Event: 15.506 GC heap before
{Heap before GC invocations=31 (full 0):
 garbage-first heap   total 141312K, used 108885K [0x0000000080000000, 0x0000000100000000)
  region size 1024K, 46 young (47104K), 6 survivors (6144K)
 Metaspace       used 85251K, committed 85888K, reserved 1130496K
  class space    used 11593K, committed 11904K, reserved 1048576K
}
Event: 15.517 GC heap after
{Heap after GC invocations=32 (full 0):
 garbage-first heap   total 141312K, used 71539K [0x0000000080000000, 0x0000000100000000)
  region size 1024K, 6 young (6144K), 6 survivors (6144K)
 Metaspace       used 85251K, committed 85888K, reserved 1130496K
  class space    used 11593K, committed 11904K, reserved 1048576K
}
Event: 16.496 GC heap before
{Heap before GC invocations=32 (full 0):
 garbage-first heap   total 141312K, used 112499K [0x0000000080000000, 0x0000000100000000)
  region size 1024K, 46 young (47104K), 6 survivors (6144K)
 Metaspace       used 90771K, committed 91392K, reserved 1130496K
  class space    used 12392K, committed 12672K, reserved 1048576K
}
Event: 16.507 GC heap after
{Heap after GC invocations=33 (full 0):
 garbage-first heap   total 230400K, used 74342K [0x0000000080000000, 0x0000000100000000)
  region size 1024K, 3 young (3072K), 3 survivors (3072K)
 Metaspace       used 90771K, committed 91392K, reserved 1130496K
  class space    used 12392K, committed 12672K, reserved 1048576K
}
Event: 18.177 GC heap before
{Heap before GC invocations=33 (full 0):
 garbage-first heap   total 230400K, used 170598K [0x0000000080000000, 0x0000000100000000)
  region size 1024K, 97 young (99328K), 3 survivors (3072K)
 Metaspace       used 94301K, committed 94912K, reserved 1138688K
  class space    used 12911K, committed 13184K, reserved 1048576K
}
Event: 18.200 GC heap after
{Heap after GC invocations=34 (full 0):
 garbage-first heap   total 230400K, used 86811K [0x0000000080000000, 0x0000000100000000)
  region size 1024K, 13 young (13312K), 13 survivors (13312K)
 Metaspace       used 94301K, committed 94912K, reserved 1138688K
  class space    used 12911K, committed 13184K, reserved 1048576K
}
Event: 19.475 GC heap before
{Heap before GC invocations=34 (full 0):
 garbage-first heap   total 230400K, used 168731K [0x0000000080000000, 0x0000000100000000)
  region size 1024K, 94 young (96256K), 13 survivors (13312K)
 Metaspace       used 95597K, committed 96256K, reserved 1138688K
  class space    used 13096K, committed 13376K, reserved 1048576K
}
Event: 19.500 GC heap after
{Heap after GC invocations=35 (full 0):
 garbage-first heap   total 230400K, used 93329K [0x0000000080000000, 0x0000000100000000)
  region size 1024K, 7 young (7168K), 7 survivors (7168K)
 Metaspace       used 95597K, committed 96256K, reserved 1138688K
  class space    used 13096K, committed 13376K, reserved 1048576K
}
Event: 21.009 GC heap before
{Heap before GC invocations=35 (full 0):
 garbage-first heap   total 230400K, used 176273K [0x0000000080000000, 0x0000000100000000)
  region size 1024K, 88 young (90112K), 7 survivors (7168K)
 Metaspace       used 99382K, committed 100096K, reserved 1138688K
  class space    used 13604K, committed 13952K, reserved 1048576K
}
Event: 21.030 GC heap after
{Heap after GC invocations=36 (full 0):
 garbage-first heap   total 230400K, used 98822K [0x0000000080000000, 0x0000000100000000)
  region size 1024K, 11 young (11264K), 11 survivors (11264K)
 Metaspace       used 99382K, committed 100096K, reserved 1138688K
  class space    used 13604K, committed 13952K, reserved 1048576K
}
Event: 22.329 GC heap before
{Heap before GC invocations=36 (full 0):
 garbage-first heap   total 230400K, used 168454K [0x0000000080000000, 0x0000000100000000)
  region size 1024K, 58 young (59392K), 11 survivors (11264K)
 Metaspace       used 104095K, committed 104896K, reserved 1146880K
  class space    used 14199K, committed 14592K, reserved 1048576K
}
Event: 22.350 GC heap after
{Heap after GC invocations=37 (full 0):
 garbage-first heap   total 230400K, used 129162K [0x0000000080000000, 0x0000000100000000)
  region size 1024K, 12 young (12288K), 12 survivors (12288K)
 Metaspace       used 104095K, committed 104896K, reserved 1146880K
  class space    used 14199K, committed 14592K, reserved 1048576K
}
Event: 23.048 GC heap before
{Heap before GC invocations=38 (full 0):
 garbage-first heap   total 350208K, used 235658K [0x0000000080000000, 0x0000000100000000)
  region size 1024K, 59 young (60416K), 12 survivors (12288K)
 Metaspace       used 104409K, committed 105152K, reserved 1146880K
  class space    used 14246K, committed 14592K, reserved 1048576K
}
Event: 23.084 GC heap after
{Heap after GC invocations=39 (full 0):
 garbage-first heap   total 350208K, used 168652K [0x0000000080000000, 0x0000000100000000)
  region size 1024K, 8 young (8192K), 8 survivors (8192K)
 Metaspace       used 104409K, committed 105152K, reserved 1146880K
  class space    used 14246K, committed 14592K, reserved 1048576K
}
Event: 23.217 GC heap before
{Heap before GC invocations=39 (full 0):
 garbage-first heap   total 350208K, used 177868K [0x0000000080000000, 0x0000000100000000)
  region size 1024K, 17 young (17408K), 8 survivors (8192K)
 Metaspace       used 104409K, committed 105152K, reserved 1146880K
  class space    used 14246K, committed 14592K, reserved 1048576K
}
Event: 23.237 GC heap after
{Heap after GC invocations=40 (full 0):
 garbage-first heap   total 350208K, used 172602K [0x0000000080000000, 0x0000000100000000)
  region size 1024K, 3 young (3072K), 3 survivors (3072K)
 Metaspace       used 104409K, committed 105152K, reserved 1146880K
  class space    used 14246K, committed 14592K, reserved 1048576K
}
Event: 24.511 GC heap before
{Heap before GC invocations=40 (full 0):
 garbage-first heap   total 350208K, used 272954K [0x0000000080000000, 0x0000000100000000)
  region size 1024K, 99 young (101376K), 3 survivors (3072K)
 Metaspace       used 107112K, committed 107904K, reserved 1146880K
  class space    used 14805K, committed 15168K, reserved 1048576K
}
Event: 24.603 GC heap after
{Heap after GC invocations=41 (full 0):
 garbage-first heap   total 350208K, used 218296K [0x0000000080000000, 0x0000000100000000)
  region size 1024K, 13 young (13312K), 13 survivors (13312K)
 Metaspace       used 107112K, committed 107904K, reserved 1146880K
  class space    used 14805K, committed 15168K, reserved 1048576K
}
Event: 24.974 GC heap before
{Heap before GC invocations=41 (full 0):
 garbage-first heap   total 350208K, used 269496K [0x0000000080000000, 0x0000000100000000)
  region size 1024K, 63 young (64512K), 13 survivors (13312K)
 Metaspace       used 107137K, committed 107904K, reserved 1146880K
  class space    used 14805K, committed 15168K, reserved 1048576K
}

