# JRE version: OpenJDK Runtime Environment (17.0.6) (build 17.0.6+0-b2043.56-10027231)
# Java VM: OpenJDK 64-Bit Server VM (17.0.6+0-b2043.56-10027231, mixed mode, tiered, compressed oops, compressed class ptrs, g1 gc, windows-amd64)
GC Precious Log:
 CPUs: 8 total, 8 available
 Memory: 12174M
 Large Page Support: Disabled
 NUMA Support: Disabled
 Compressed Oops: Enabled (32-bit)
 Heap Region Size: 1M
 Heap Min Capacity: 8M
 Heap Initial Capacity: 192M
 Heap Max Capacity: 2G
 Pre-touch: Disabled
 Parallel Workers: 8
 Concurrent Workers: 2
 Concurrent Refinement Workers: 8
 Periodic GC: Disabled
Heap:
 garbage-first heap   total 116736K, used 69116K [0x0000000080000000, 0x0000000100000000)
  region size 1024K, 12 young (12288K), 4 survivors (4096K)
 Metaspace       used 71900K, committed 72512K, reserved 1114112K
  class space    used 9553K, committed 9856K, reserved 1048576K
GC Heap History (20 events):
Event: 17.022 GC heap before
{Heap before GC invocations=13 (full 0):
 garbage-first heap   total 95232K, used 72380K [0x0000000080000000, 0x0000000100000000)
  region size 1024K, 43 young (44032K), 2 survivors (2048K)
 Metaspace       used 50250K, committed 50688K, reserved 1097728K
  class space    used 6715K, committed 6912K, reserved 1048576K
}
Event: 17.031 GC heap after
{Heap after GC invocations=14 (full 0):
 garbage-first heap   total 95232K, used 32666K [0x0000000080000000, 0x0000000100000000)
  region size 1024K, 4 young (4096K), 4 survivors (4096K)
 Metaspace       used 50250K, committed 50688K, reserved 1097728K
  class space    used 6715K, committed 6912K, reserved 1048576K
}
Event: 18.955 GC heap before
{Heap before GC invocations=14 (full 0):
 garbage-first heap   total 95232K, used 73626K [0x0000000080000000, 0x0000000100000000)
  region size 1024K, 44 young (45056K), 4 survivors (4096K)
 Metaspace       used 53137K, committed 53632K, reserved 1097728K
  class space    used 7090K, committed 7296K, reserved 1048576K
}
Event: 18.971 GC heap after
{Heap after GC invocations=15 (full 0):
 garbage-first heap   total 95232K, used 36207K [0x0000000080000000, 0x0000000100000000)
  region size 1024K, 6 young (6144K), 6 survivors (6144K)
 Metaspace       used 53137K, committed 53632K, reserved 1097728K
  class space    used 7090K, committed 7296K, reserved 1048576K
}
Event: 20.923 GC heap before
{Heap before GC invocations=15 (full 0):
 garbage-first heap   total 95232K, used 81263K [0x0000000080000000, 0x0000000100000000)
  region size 1024K, 42 young (43008K), 6 survivors (6144K)
 Metaspace       used 56046K, committed 56512K, reserved 1097728K
  class space    used 7483K, committed 7680K, reserved 1048576K
}
Event: 20.935 GC heap after
{Heap after GC invocations=16 (full 0):
 garbage-first heap   total 96256K, used 52081K [0x0000000080000000, 0x0000000100000000)
  region size 1024K, 6 young (6144K), 6 survivors (6144K)
 Metaspace       used 56046K, committed 56512K, reserved 1097728K
  class space    used 7483K, committed 7680K, reserved 1048576K
}
Event: 22.012 GC heap before
{Heap before GC invocations=16 (full 0):
 garbage-first heap   total 96256K, used 72561K [0x0000000080000000, 0x0000000100000000)
  region size 1024K, 28 young (28672K), 6 survivors (6144K)
 Metaspace       used 59672K, committed 60160K, reserved 1105920K
  class space    used 7906K, committed 8128K, reserved 1048576K
}
Event: 22.020 GC heap after
{Heap after GC invocations=17 (full 0):
 garbage-first heap   total 96256K, used 52786K [0x0000000080000000, 0x0000000100000000)
  region size 1024K, 1 young (1024K), 1 survivors (1024K)
 Metaspace       used 59672K, committed 60160K, reserved 1105920K
  class space    used 7906K, committed 8128K, reserved 1048576K
}
Event: 23.555 GC heap before
{Heap before GC invocations=18 (full 0):
 garbage-first heap   total 96256K, used 76338K [0x0000000080000000, 0x0000000100000000)
  region size 1024K, 24 young (24576K), 1 survivors (1024K)
 Metaspace       used 64049K, committed 64640K, reserved 1105920K
  class space    used 8508K, committed 8768K, reserved 1048576K
}
Event: 23.564 GC heap after
{Heap after GC invocations=19 (full 0):
 garbage-first heap   total 96256K, used 54526K [0x0000000080000000, 0x0000000100000000)
  region size 1024K, 3 young (3072K), 3 survivors (3072K)
 Metaspace       used 64049K, committed 64640K, reserved 1105920K
  class space    used 8508K, committed 8768K, reserved 1048576K
}
Event: 23.570 GC heap before
{Heap before GC invocations=19 (full 0):
 garbage-first heap   total 96256K, used 54526K [0x0000000080000000, 0x0000000100000000)
  region size 1024K, 4 young (4096K), 3 survivors (3072K)
 Metaspace       used 64049K, committed 64640K, reserved 1105920K
  class space    used 8508K, committed 8768K, reserved 1048576K
}
Event: 23.577 GC heap after
{Heap after GC invocations=20 (full 0):
 garbage-first heap   total 96256K, used 55162K [0x0000000080000000, 0x0000000100000000)
  region size 1024K, 3 young (3072K), 3 survivors (3072K)
 Metaspace       used 64049K, committed 64640K, reserved 1105920K
  class space    used 8508K, committed 8768K, reserved 1048576K
}
Event: 23.765 GC heap before
{Heap before GC invocations=21 (full 0):
 garbage-first heap   total 116736K, used 67450K [0x0000000080000000, 0x0000000100000000)
  region size 1024K, 12 young (12288K), 3 survivors (3072K)
 Metaspace       used 64054K, committed 64640K, reserved 1105920K
  class space    used 8508K, committed 8768K, reserved 1048576K
}
Event: 23.775 GC heap after
{Heap after GC invocations=22 (full 0):
 garbage-first heap   total 116736K, used 60831K [0x0000000080000000, 0x0000000100000000)
  region size 1024K, 3 young (3072K), 3 survivors (3072K)
 Metaspace       used 64054K, committed 64640K, reserved 1105920K
  class space    used 8508K, committed 8768K, reserved 1048576K
}
Event: 24.738 GC heap before
{Heap before GC invocations=23 (full 0):
 garbage-first heap   total 116736K, used 85407K [0x0000000080000000, 0x0000000100000000)
  region size 1024K, 25 young (25600K), 3 survivors (3072K)
 Metaspace       used 66113K, committed 66624K, reserved 1114112K
  class space    used 8784K, committed 9024K, reserved 1048576K
}
Event: 24.748 GC heap after
{Heap after GC invocations=24 (full 0):
 garbage-first heap   total 116736K, used 59534K [0x0000000080000000, 0x0000000100000000)
  region size 1024K, 3 young (3072K), 3 survivors (3072K)
 Metaspace       used 66113K, committed 66624K, reserved 1114112K
  class space    used 8784K, committed 9024K, reserved 1048576K
}
Event: 25.827 GC heap before
{Heap before GC invocations=24 (full 0):
 garbage-first heap   total 116736K, used 82062K [0x0000000080000000, 0x0000000100000000)
  region size 1024K, 26 young (26624K), 3 survivors (3072K)
 Metaspace       used 68583K, committed 69120K, reserved 1114112K
  class space    used 9087K, committed 9344K, reserved 1048576K
}
Event: 25.837 GC heap after
{Heap after GC invocations=25 (full 0):
 garbage-first heap   total 116736K, used 61219K [0x0000000080000000, 0x0000000100000000)
  region size 1024K, 4 young (4096K), 4 survivors (4096K)
 Metaspace       used 68583K, committed 69120K, reserved 1114112K
  class space    used 9087K, committed 9344K, reserved 1048576K
}
Event: 26.927 GC heap before
{Heap before GC invocations=26 (full 0):
 garbage-first heap   total 116736K, used 85795K [0x0000000080000000, 0x0000000100000000)
  region size 1024K, 29 young (29696K), 4 survivors (4096K)
 Metaspace       used 70913K, committed 71488K, reserved 1114112K
  class space    used 9402K, committed 9664K, reserved 1048576K
}
Event: 26.938 GC heap after
{Heap after GC invocations=27 (full 0):
 garbage-first heap   total 116736K, used 61948K [0x0000000080000000, 0x0000000100000000)
  region size 1024K, 4 young (4096K), 4 survivors (4096K)
 Metaspace       used 70913K, committed 71488K, reserved 1114112K
  class space    used 9402K, committed 9664K, reserved 1048576K
}

