# JRE version: OpenJDK Runtime Environment (17.0.6) (build 17.0.6+0-b2043.56-10027231)
# Java VM: OpenJDK 64-Bit Server VM (17.0.6+0-b2043.56-10027231, mixed mode, tiered, compressed oops, compressed class ptrs, g1 gc, windows-amd64)
GC Precious Log:
 CPUs: 8 total, 8 available
 Memory: 12174M
 Large Page Support: Disabled
 NUMA Support: Disabled
 Compressed Oops: Enabled (Zero based)
 Heap Region Size: 2M
 Heap Min Capacity: 8M
 Heap Initial Capacity: 192M
 Heap Max Capacity: 3044M
 Pre-touch: Disabled
 Parallel Workers: 8
 Concurrent Workers: 2
 Concurrent Refinement Workers: 8
 Periodic GC: Disabled
Heap:
 garbage-first heap   total 196608K, used 69457K [0x0000000741c00000, 0x0000000800000000)
  region size 2048K, 3 young (6144K), 3 survivors (6144K)
 Metaspace       used 64046K, committed 64384K, reserved 1105920K
  class space    used 7356K, committed 7488K, reserved 1048576K
GC Heap History (20 events):
Event: 3.363 GC heap after
{Heap after GC invocations=8 (full 0):
 garbage-first heap   total 83968K, used 26862K [0x0000000741c00000, 0x0000000800000000)
  region size 2048K, 2 young (4096K), 2 survivors (4096K)
 Metaspace       used 34909K, committed 35200K, reserved 1081344K
  class space    used 4427K, committed 4544K, reserved 1048576K
}
Event: 3.514 GC heap before
{Heap before GC invocations=8 (full 0):
 garbage-first heap   total 83968K, used 30958K [0x0000000741c00000, 0x0000000800000000)
  region size 2048K, 5 young (10240K), 2 survivors (4096K)
 Metaspace       used 35914K, committed 36096K, reserved 1081344K
  class space    used 4535K, committed 4608K, reserved 1048576K
}
Event: 3.523 GC heap after
{Heap after GC invocations=9 (full 0):
 garbage-first heap   total 83968K, used 27856K [0x0000000741c00000, 0x0000000800000000)
  region size 2048K, 1 young (2048K), 1 survivors (2048K)
 Metaspace       used 35914K, committed 36096K, reserved 1081344K
  class space    used 4535K, committed 4608K, reserved 1048576K
}
Event: 4.097 GC heap before
{Heap before GC invocations=10 (full 0):
 garbage-first heap   total 83968K, used 58576K [0x0000000741c00000, 0x0000000800000000)
  region size 2048K, 15 young (30720K), 1 survivors (2048K)
 Metaspace       used 39705K, committed 40064K, reserved 1089536K
  class space    used 4946K, committed 5120K, reserved 1048576K
}
Event: 4.111 GC heap after
{Heap after GC invocations=11 (full 0):
 garbage-first heap   total 83968K, used 32219K [0x0000000741c00000, 0x0000000800000000)
  region size 2048K, 2 young (4096K), 2 survivors (4096K)
 Metaspace       used 39705K, committed 40064K, reserved 1089536K
  class space    used 4946K, committed 5120K, reserved 1048576K
}
Event: 4.143 GC heap before
{Heap before GC invocations=11 (full 0):
 garbage-first heap   total 83968K, used 32219K [0x0000000741c00000, 0x0000000800000000)
  region size 2048K, 3 young (6144K), 2 survivors (4096K)
 Metaspace       used 40087K, committed 40384K, reserved 1089536K
  class space    used 4976K, committed 5120K, reserved 1048576K
}
Event: 4.158 GC heap after
{Heap after GC invocations=12 (full 0):
 garbage-first heap   total 83968K, used 32351K [0x0000000741c00000, 0x0000000800000000)
  region size 2048K, 1 young (2048K), 1 survivors (2048K)
 Metaspace       used 40087K, committed 40384K, reserved 1089536K
  class space    used 4976K, committed 5120K, reserved 1048576K
}
Event: 4.835 GC heap before
{Heap before GC invocations=12 (full 0):
 garbage-first heap   total 83968K, used 54879K [0x0000000741c00000, 0x0000000800000000)
  region size 2048K, 13 young (26624K), 1 survivors (2048K)
 Metaspace       used 46046K, committed 46336K, reserved 1089536K
  class space    used 5551K, committed 5696K, reserved 1048576K
}
Event: 4.844 GC heap after
{Heap after GC invocations=13 (full 0):
 garbage-first heap   total 83968K, used 34355K [0x0000000741c00000, 0x0000000800000000)
  region size 2048K, 2 young (4096K), 2 survivors (4096K)
 Metaspace       used 46046K, committed 46336K, reserved 1089536K
  class space    used 5551K, committed 5696K, reserved 1048576K
}
Event: 5.628 GC heap before
{Heap before GC invocations=13 (full 0):
 garbage-first heap   total 83968K, used 58931K [0x0000000741c00000, 0x0000000800000000)
  region size 2048K, 14 young (28672K), 2 survivors (4096K)
 Metaspace       used 50205K, committed 50496K, reserved 1097728K
  class space    used 6054K, committed 6208K, reserved 1048576K
}
Event: 5.650 GC heap after
{Heap after GC invocations=14 (full 0):
 garbage-first heap   total 167936K, used 40515K [0x0000000741c00000, 0x0000000800000000)
  region size 2048K, 2 young (4096K), 2 survivors (4096K)
 Metaspace       used 50205K, committed 50496K, reserved 1097728K
  class space    used 6054K, committed 6208K, reserved 1048576K
}
Event: 7.507 GC heap before
{Heap before GC invocations=14 (full 0):
 garbage-first heap   total 167936K, used 116291K [0x0000000741c00000, 0x0000000800000000)
  region size 2048K, 39 young (79872K), 2 survivors (4096K)
 Metaspace       used 57470K, committed 57792K, reserved 1105920K
  class space    used 6852K, committed 6976K, reserved 1048576K
}
Event: 7.538 GC heap after
{Heap after GC invocations=15 (full 0):
 garbage-first heap   total 167936K, used 48016K [0x0000000741c00000, 0x0000000800000000)
  region size 2048K, 5 young (10240K), 5 survivors (10240K)
 Metaspace       used 57470K, committed 57792K, reserved 1105920K
  class space    used 6852K, committed 6976K, reserved 1048576K
}
Event: 9.803 GC heap before
{Heap before GC invocations=15 (full 0):
 garbage-first heap   total 167936K, used 101264K [0x0000000741c00000, 0x0000000800000000)
  region size 2048K, 32 young (65536K), 5 survivors (10240K)
 Metaspace       used 60465K, committed 60736K, reserved 1105920K
  class space    used 7060K, committed 7168K, reserved 1048576K
}
Event: 9.847 GC heap after
{Heap after GC invocations=16 (full 0):
 garbage-first heap   total 167936K, used 56105K [0x0000000741c00000, 0x0000000800000000)
  region size 2048K, 4 young (8192K), 4 survivors (8192K)
 Metaspace       used 60465K, committed 60736K, reserved 1105920K
  class space    used 7060K, committed 7168K, reserved 1048576K
}
Event: 12.910 GC heap before
{Heap before GC invocations=17 (full 0):
 garbage-first heap   total 167936K, used 121641K [0x0000000741c00000, 0x0000000800000000)
  region size 2048K, 36 young (73728K), 4 survivors (8192K)
 Metaspace       used 64034K, committed 64320K, reserved 1105920K
  class space    used 7355K, committed 7488K, reserved 1048576K
}
Event: 12.945 GC heap after
{Heap after GC invocations=18 (full 0):
 garbage-first heap   total 167936K, used 64494K [0x0000000741c00000, 0x0000000800000000)
  region size 2048K, 4 young (8192K), 4 survivors (8192K)
 Metaspace       used 64034K, committed 64320K, reserved 1105920K
  class space    used 7355K, committed 7488K, reserved 1048576K
}
Event: 12.970 GC heap before
{Heap before GC invocations=18 (full 0):
 garbage-first heap   total 167936K, used 66542K [0x0000000741c00000, 0x0000000800000000)
  region size 2048K, 5 young (10240K), 4 survivors (8192K)
 Metaspace       used 64034K, committed 64320K, reserved 1105920K
  class space    used 7355K, committed 7488K, reserved 1048576K
}
Event: 12.999 GC heap after
{Heap after GC invocations=19 (full 0):
 garbage-first heap   total 167936K, used 65531K [0x0000000741c00000, 0x0000000800000000)
  region size 2048K, 1 young (2048K), 1 survivors (2048K)
 Metaspace       used 64034K, committed 64320K, reserved 1105920K
  class space    used 7355K, committed 7488K, reserved 1048576K
}
Event: 13.456 GC heap before
{Heap before GC invocations=19 (full 0):
 garbage-first heap   total 167936K, used 124923K [0x0000000741c00000, 0x0000000800000000)
  region size 2048K, 30 young (61440K), 1 survivors (2048K)
 Metaspace       used 64046K, committed 64384K, reserved 1105920K
  class space    used 7356K, committed 7488K, reserved 1048576K
}

