# JRE version: OpenJDK Runtime Environment (17.0.6) (build 17.0.6+0-b2043.56-10027231)
# Java VM: OpenJDK 64-Bit Server VM (17.0.6+0-b2043.56-10027231, mixed mode, tiered, compressed oops, compressed class ptrs, g1 gc, windows-amd64)
GC Precious Log:
 CPUs: 8 total, 8 available
 Memory: 12174M
 Large Page Support: Disabled
 NUMA Support: Disabled
 Compressed Oops: Enabled (32-bit)
 Heap Region Size: 1M
 Heap Min Capacity: 8M
 Heap Initial Capacity: 192M
 Heap Max Capacity: 2G
 Pre-touch: Disabled
 Parallel Workers: 8
 Concurrent Workers: 2
 Concurrent Refinement Workers: 8
 Periodic GC: Disabled
Heap:
 garbage-first heap   total 135168K, used 99790K [0x0000000080000000, 0x0000000100000000)
  region size 1024K, 39 young (39936K), 5 survivors (5120K)
 Metaspace       used 70739K, committed 71296K, reserved 1114112K
  class space    used 9384K, committed 9664K, reserved 1048576K
GC Heap History (20 events):
Event: 10.184 GC heap after
{Heap after GC invocations=14 (full 0):
 garbage-first heap   total 86016K, used 44811K [0x0000000080000000, 0x0000000100000000)
  region size 1024K, 4 young (4096K), 4 survivors (4096K)
 Metaspace       used 53485K, committed 53952K, reserved 1097728K
  class space    used 7139K, committed 7360K, reserved 1048576K
}
Event: 10.277 GC heap before
{Heap before GC invocations=15 (full 0):
 garbage-first heap   total 86016K, used 49931K [0x0000000080000000, 0x0000000100000000)
  region size 1024K, 6 young (6144K), 4 survivors (4096K)
 Metaspace       used 53486K, committed 53952K, reserved 1097728K
  class space    used 7139K, committed 7360K, reserved 1048576K
}
Event: 10.281 GC heap after
{Heap after GC invocations=16 (full 0):
 garbage-first heap   total 86016K, used 51178K [0x0000000080000000, 0x0000000100000000)
  region size 1024K, 2 young (2048K), 2 survivors (2048K)
 Metaspace       used 53486K, committed 53952K, reserved 1097728K
  class space    used 7139K, committed 7360K, reserved 1048576K
}
Event: 10.709 GC heap before
{Heap before GC invocations=17 (full 0):
 garbage-first heap   total 91136K, used 61418K [0x0000000080000000, 0x0000000100000000)
  region size 1024K, 11 young (11264K), 2 survivors (2048K)
 Metaspace       used 54462K, committed 54912K, reserved 1097728K
  class space    used 7265K, committed 7488K, reserved 1048576K
}
Event: 10.711 GC heap after
{Heap after GC invocations=18 (full 0):
 garbage-first heap   total 91136K, used 52554K [0x0000000080000000, 0x0000000100000000)
  region size 1024K, 2 young (2048K), 2 survivors (2048K)
 Metaspace       used 54462K, committed 54912K, reserved 1097728K
  class space    used 7265K, committed 7488K, reserved 1048576K
}
Event: 10.992 GC heap before
{Heap before GC invocations=18 (full 0):
 garbage-first heap   total 91136K, used 64842K [0x0000000080000000, 0x0000000100000000)
  region size 1024K, 14 young (14336K), 2 survivors (2048K)
 Metaspace       used 56129K, committed 56640K, reserved 1097728K
  class space    used 7512K, committed 7744K, reserved 1048576K
}
Event: 10.995 GC heap after
{Heap after GC invocations=19 (full 0):
 garbage-first heap   total 91136K, used 52965K [0x0000000080000000, 0x0000000100000000)
  region size 1024K, 1 young (1024K), 1 survivors (1024K)
 Metaspace       used 56129K, committed 56640K, reserved 1097728K
  class space    used 7512K, committed 7744K, reserved 1048576K
}
Event: 11.323 GC heap before
{Heap before GC invocations=20 (full 0):
 garbage-first heap   total 96256K, used 65253K [0x0000000080000000, 0x0000000100000000)
  region size 1024K, 13 young (13312K), 1 survivors (1024K)
 Metaspace       used 57953K, committed 58496K, reserved 1105920K
  class space    used 7718K, committed 7936K, reserved 1048576K
}
Event: 11.326 GC heap after
{Heap after GC invocations=21 (full 0):
 garbage-first heap   total 96256K, used 53455K [0x0000000080000000, 0x0000000100000000)
  region size 1024K, 1 young (1024K), 1 survivors (1024K)
 Metaspace       used 57953K, committed 58496K, reserved 1105920K
  class space    used 7718K, committed 7936K, reserved 1048576K
}
Event: 11.743 GC heap before
{Heap before GC invocations=21 (full 0):
 garbage-first heap   total 96256K, used 69839K [0x0000000080000000, 0x0000000100000000)
  region size 1024K, 17 young (17408K), 1 survivors (1024K)
 Metaspace       used 60302K, committed 60864K, reserved 1105920K
  class space    used 8038K, committed 8320K, reserved 1048576K
}
Event: 11.747 GC heap after
{Heap after GC invocations=22 (full 0):
 garbage-first heap   total 96256K, used 54084K [0x0000000080000000, 0x0000000100000000)
  region size 1024K, 2 young (2048K), 2 survivors (2048K)
 Metaspace       used 60302K, committed 60864K, reserved 1105920K
  class space    used 8038K, committed 8320K, reserved 1048576K
}
Event: 12.365 GC heap before
{Heap before GC invocations=23 (full 0):
 garbage-first heap   total 96256K, used 68420K [0x0000000080000000, 0x0000000100000000)
  region size 1024K, 18 young (18432K), 2 survivors (2048K)
 Metaspace       used 63973K, committed 64576K, reserved 1105920K
  class space    used 8507K, committed 8768K, reserved 1048576K
}
Event: 12.372 GC heap after
{Heap after GC invocations=24 (full 0):
 garbage-first heap   total 96256K, used 55907K [0x0000000080000000, 0x0000000100000000)
  region size 1024K, 3 young (3072K), 3 survivors (3072K)
 Metaspace       used 63973K, committed 64576K, reserved 1105920K
  class space    used 8507K, committed 8768K, reserved 1048576K
}
Event: 12.538 GC heap before
{Heap before GC invocations=25 (full 0):
 garbage-first heap   total 112640K, used 68195K [0x0000000080000000, 0x0000000100000000)
  region size 1024K, 12 young (12288K), 3 survivors (3072K)
 Metaspace       used 63977K, committed 64576K, reserved 1105920K
  class space    used 8507K, committed 8768K, reserved 1048576K
}
Event: 12.550 GC heap after
{Heap after GC invocations=26 (full 0):
 garbage-first heap   total 135168K, used 61790K [0x0000000080000000, 0x0000000100000000)
  region size 1024K, 3 young (3072K), 3 survivors (3072K)
 Metaspace       used 63977K, committed 64576K, reserved 1105920K
  class space    used 8507K, committed 8768K, reserved 1048576K
}
Event: 12.551 GC heap before
{Heap before GC invocations=26 (full 0):
 garbage-first heap   total 135168K, used 62814K [0x0000000080000000, 0x0000000100000000)
  region size 1024K, 4 young (4096K), 3 survivors (3072K)
 Metaspace       used 63977K, committed 64576K, reserved 1105920K
  class space    used 8507K, committed 8768K, reserved 1048576K
}
Event: 12.554 GC heap after
{Heap after GC invocations=27 (full 0):
 garbage-first heap   total 135168K, used 62498K [0x0000000080000000, 0x0000000100000000)
  region size 1024K, 1 young (1024K), 1 survivors (1024K)
 Metaspace       used 63977K, committed 64576K, reserved 1105920K
  class space    used 8507K, committed 8768K, reserved 1048576K
}
Event: 13.446 GC heap before
{Heap before GC invocations=28 (full 0):
 garbage-first heap   total 135168K, used 97314K [0x0000000080000000, 0x0000000100000000)
  region size 1024K, 34 young (34816K), 1 survivors (1024K)
 Metaspace       used 67038K, committed 67648K, reserved 1114112K
  class space    used 8911K, committed 9152K, reserved 1048576K
}
Event: 13.453 GC heap after
{Heap after GC invocations=29 (full 0):
 garbage-first heap   total 135168K, used 64974K [0x0000000080000000, 0x0000000100000000)
  region size 1024K, 3 young (3072K), 3 survivors (3072K)
 Metaspace       used 67038K, committed 67648K, reserved 1114112K
  class space    used 8911K, committed 9152K, reserved 1048576K
}
Event: 14.475 GC heap before
{Heap before GC invocations=29 (full 0):
 garbage-first heap   total 135168K, used 99790K [0x0000000080000000, 0x0000000100000000)
  region size 1024K, 37 young (37888K), 3 survivors (3072K)
 Metaspace       used 70739K, committed 71296K, reserved 1114112K
  class space    used 9384K, committed 9664K, reserved 1048576K
}

