# JRE version: OpenJDK Runtime Environment (17.0.6) (build 17.0.6+0-b2043.56-10027231)
# Java VM: OpenJDK 64-Bit Server VM (17.0.6+0-b2043.56-10027231, mixed mode, tiered, compressed oops, compressed class ptrs, g1 gc, windows-amd64)
GC Precious Log:
 CPUs: 8 total, 8 available
 Memory: 12174M
 Large Page Support: Disabled
 NUMA Support: Disabled
 Compressed Oops: Enabled (32-bit)
 Heap Region Size: 1M
 Heap Min Capacity: 8M
 Heap Initial Capacity: 192M
 Heap Max Capacity: 2G
 Pre-touch: Disabled
 Parallel Workers: 8
 Concurrent Workers: 2
 Concurrent Refinement Workers: 8
 Periodic GC: Disabled
Heap:
 garbage-first heap   total 296960K, used 253269K [0x0000000080000000, 0x0000000100000000)
  region size 1024K, 25 young (25600K), 2 survivors (2048K)
 Metaspace       used 117653K, committed 118656K, reserved 1155072K
  class space    used 15782K, committed 16256K, reserved 1048576K
GC Heap History (20 events):
Event: 29.448 GC heap before
{Heap before GC invocations=53 (full 0):
 garbage-first heap   total 296960K, used 245179K [0x0000000080000000, 0x0000000100000000)
  region size 1024K, 65 young (66560K), 7 survivors (7168K)
 Metaspace       used 105154K, committed 105984K, reserved 1146880K
  class space    used 14112K, committed 14528K, reserved 1048576K
}
Event: 29.469 GC heap after
{Heap after GC invocations=54 (full 0):
 garbage-first heap   total 296960K, used 193536K [0x0000000080000000, 0x0000000100000000)
  region size 1024K, 7 young (7168K), 7 survivors (7168K)
 Metaspace       used 105154K, committed 105984K, reserved 1146880K
  class space    used 14112K, committed 14528K, reserved 1048576K
}
Event: 30.331 GC heap before
{Heap before GC invocations=54 (full 0):
 garbage-first heap   total 296960K, used 246784K [0x0000000080000000, 0x0000000100000000)
  region size 1024K, 60 young (61440K), 7 survivors (7168K)
 Metaspace       used 107092K, committed 107968K, reserved 1146880K
  class space    used 14351K, committed 14784K, reserved 1048576K
}
Event: 30.352 GC heap after
{Heap after GC invocations=55 (full 0):
 garbage-first heap   total 296960K, used 198093K [0x0000000080000000, 0x0000000100000000)
  region size 1024K, 5 young (5120K), 5 survivors (5120K)
 Metaspace       used 107092K, committed 107968K, reserved 1146880K
  class space    used 14351K, committed 14784K, reserved 1048576K
}
Event: 31.507 GC heap before
{Heap before GC invocations=55 (full 0):
 garbage-first heap   total 296960K, used 248269K [0x0000000080000000, 0x0000000100000000)
  region size 1024K, 55 young (56320K), 5 survivors (5120K)
 Metaspace       used 110127K, committed 110976K, reserved 1146880K
  class space    used 14704K, committed 15104K, reserved 1048576K
}
Event: 31.525 GC heap after
{Heap after GC invocations=56 (full 0):
 garbage-first heap   total 296960K, used 203039K [0x0000000080000000, 0x0000000100000000)
  region size 1024K, 6 young (6144K), 6 survivors (6144K)
 Metaspace       used 110127K, committed 110976K, reserved 1146880K
  class space    used 14704K, committed 15104K, reserved 1048576K
}
Event: 63.572 GC heap before
{Heap before GC invocations=56 (full 0):
 garbage-first heap   total 296960K, used 251167K [0x0000000080000000, 0x0000000100000000)
  region size 1024K, 53 young (54272K), 6 survivors (6144K)
 Metaspace       used 112357K, committed 113280K, reserved 1155072K
  class space    used 15035K, committed 15488K, reserved 1048576K
}
Event: 63.587 GC heap after
{Heap after GC invocations=57 (full 0):
 garbage-first heap   total 296960K, used 206566K [0x0000000080000000, 0x0000000100000000)
  region size 1024K, 4 young (4096K), 4 survivors (4096K)
 Metaspace       used 112357K, committed 113280K, reserved 1155072K
  class space    used 15035K, committed 15488K, reserved 1048576K
}
Event: 64.801 GC heap before
{Heap before GC invocations=57 (full 0):
 garbage-first heap   total 296960K, used 251622K [0x0000000080000000, 0x0000000100000000)
  region size 1024K, 49 young (50176K), 4 survivors (4096K)
 Metaspace       used 113327K, committed 114304K, reserved 1155072K
  class space    used 15151K, committed 15616K, reserved 1048576K
}
Event: 64.817 GC heap after
{Heap after GC invocations=58 (full 0):
 garbage-first heap   total 296960K, used 211890K [0x0000000080000000, 0x0000000100000000)
  region size 1024K, 7 young (7168K), 7 survivors (7168K)
 Metaspace       used 113327K, committed 114304K, reserved 1155072K
  class space    used 15151K, committed 15616K, reserved 1048576K
}
Event: 65.633 GC heap before
{Heap before GC invocations=58 (full 0):
 garbage-first heap   total 296960K, used 253874K [0x0000000080000000, 0x0000000100000000)
  region size 1024K, 48 young (49152K), 7 survivors (7168K)
 Metaspace       used 114415K, committed 115392K, reserved 1155072K
  class space    used 15276K, committed 15744K, reserved 1048576K
}
Event: 65.655 GC heap after
{Heap after GC invocations=59 (full 0):
 garbage-first heap   total 296960K, used 217975K [0x0000000080000000, 0x0000000100000000)
  region size 1024K, 6 young (6144K), 6 survivors (6144K)
 Metaspace       used 114415K, committed 115392K, reserved 1155072K
  class space    used 15276K, committed 15744K, reserved 1048576K
}
Event: 66.608 GC heap before
{Heap before GC invocations=59 (full 0):
 garbage-first heap   total 296960K, used 253815K [0x0000000080000000, 0x0000000100000000)
  region size 1024K, 42 young (43008K), 6 survivors (6144K)
 Metaspace       used 115029K, committed 116032K, reserved 1155072K
  class space    used 15391K, committed 15872K, reserved 1048576K
}
Event: 66.627 GC heap after
{Heap after GC invocations=60 (full 0):
 garbage-first heap   total 296960K, used 224214K [0x0000000080000000, 0x0000000100000000)
  region size 1024K, 6 young (6144K), 6 survivors (6144K)
 Metaspace       used 115029K, committed 116032K, reserved 1155072K
  class space    used 15391K, committed 15872K, reserved 1048576K
}
Event: 67.296 GC heap before
{Heap before GC invocations=60 (full 0):
 garbage-first heap   total 296960K, used 253910K [0x0000000080000000, 0x0000000100000000)
  region size 1024K, 36 young (36864K), 6 survivors (6144K)
 Metaspace       used 115309K, committed 116224K, reserved 1155072K
  class space    used 15422K, committed 15872K, reserved 1048576K
}
Event: 67.311 GC heap after
{Heap after GC invocations=61 (full 0):
 garbage-first heap   total 296960K, used 227028K [0x0000000080000000, 0x0000000100000000)
  region size 1024K, 3 young (3072K), 3 survivors (3072K)
 Metaspace       used 115309K, committed 116224K, reserved 1155072K
  class space    used 15422K, committed 15872K, reserved 1048576K
}
Event: 69.874 GC heap before
{Heap before GC invocations=61 (full 0):
 garbage-first heap   total 296960K, used 255700K [0x0000000080000000, 0x0000000100000000)
  region size 1024K, 32 young (32768K), 3 survivors (3072K)
 Metaspace       used 115662K, committed 116672K, reserved 1155072K
  class space    used 15485K, committed 15936K, reserved 1048576K
}
Event: 69.885 GC heap after
{Heap after GC invocations=62 (full 0):
 garbage-first heap   total 296960K, used 229781K [0x0000000080000000, 0x0000000100000000)
  region size 1024K, 3 young (3072K), 3 survivors (3072K)
 Metaspace       used 115662K, committed 116672K, reserved 1155072K
  class space    used 15485K, committed 15936K, reserved 1048576K
}
Event: 72.020 GC heap before
{Heap before GC invocations=62 (full 0):
 garbage-first heap   total 296960K, used 256405K [0x0000000080000000, 0x0000000100000000)
  region size 1024K, 30 young (30720K), 3 survivors (3072K)
 Metaspace       used 117456K, committed 118464K, reserved 1155072K
  class space    used 15750K, committed 16256K, reserved 1048576K
}
Event: 72.035 GC heap after
{Heap after GC invocations=63 (full 0):
 garbage-first heap   total 296960K, used 231765K [0x0000000080000000, 0x0000000100000000)
  region size 1024K, 2 young (2048K), 2 survivors (2048K)
 Metaspace       used 117456K, committed 118464K, reserved 1155072K
  class space    used 15750K, committed 16256K, reserved 1048576K
}

