# JRE version: OpenJDK Runtime Environment (17.0.6) (build 17.0.6+0-b2043.56-10027231)
# Java VM: OpenJDK 64-Bit Server VM (17.0.6+0-b2043.56-10027231, mixed mode, tiered, compressed oops, compressed class ptrs, g1 gc, windows-amd64)
GC Precious Log:
 CPUs: 8 total, 8 available
 Memory: 12174M
 Large Page Support: Disabled
 NUMA Support: Disabled
 Compressed Oops: Enabled (32-bit)
 Heap Region Size: 1M
 Heap Min Capacity: 8M
 Heap Initial Capacity: 192M
 Heap Max Capacity: 2G
 Pre-touch: Disabled
 Parallel Workers: 8
 Concurrent Workers: 2
 Concurrent Refinement Workers: 8
 Periodic GC: Disabled
Heap:
 garbage-first heap   total 384000K, used 134581K [0x0000000080000000, 0x0000000100000000)
  region size 1024K, 12 young (12288K), 12 survivors (12288K)
 Metaspace       used 124983K, committed 126016K, reserved 1163264K
  class space    used 17150K, committed 17664K, reserved 1048576K
GC Heap History (20 events):
Event: 863.637 GC heap after
{Heap after GC invocations=36 (full 0):
 garbage-first heap   total 333824K, used 128876K [0x0000000080000000, 0x0000000100000000)
  region size 1024K, 17 young (17408K), 17 survivors (17408K)
 Metaspace       used 110600K, committed 111488K, reserved 1146880K
  class space    used 14991K, committed 15424K, reserved 1048576K
}
Event: 866.031 GC heap before
{Heap before GC invocations=36 (full 0):
 garbage-first heap   total 333824K, used 274284K [0x0000000080000000, 0x0000000100000000)
  region size 1024K, 103 young (105472K), 17 survivors (17408K)
 Metaspace       used 122408K, committed 123328K, reserved 1163264K
  class space    used 16993K, committed 17408K, reserved 1048576K
}
Event: 866.054 GC heap after
{Heap after GC invocations=37 (full 0):
 garbage-first heap   total 333824K, used 158357K [0x0000000080000000, 0x0000000100000000)
  region size 1024K, 6 young (6144K), 6 survivors (6144K)
 Metaspace       used 122408K, committed 123328K, reserved 1163264K
  class space    used 16993K, committed 17408K, reserved 1048576K
}
Event: 866.153 GC heap before
{Heap before GC invocations=37 (full 0):
 garbage-first heap   total 333824K, used 197269K [0x0000000080000000, 0x0000000100000000)
  region size 1024K, 7 young (7168K), 6 survivors (6144K)
 Metaspace       used 122409K, committed 123328K, reserved 1163264K
  class space    used 16993K, committed 17408K, reserved 1048576K
}
Event: 866.162 GC heap after
{Heap after GC invocations=38 (full 0):
 garbage-first heap   total 333824K, used 155094K [0x0000000080000000, 0x0000000100000000)
  region size 1024K, 5 young (5120K), 5 survivors (5120K)
 Metaspace       used 122409K, committed 123328K, reserved 1163264K
  class space    used 16993K, committed 17408K, reserved 1048576K
}
Event: 949.318 GC heap before
{Heap before GC invocations=38 (full 0):
 garbage-first heap   total 333824K, used 295382K [0x0000000080000000, 0x0000000100000000)
  region size 1024K, 121 young (123904K), 5 survivors (5120K)
 Metaspace       used 123379K, committed 124352K, reserved 1163264K
  class space    used 17111K, committed 17600K, reserved 1048576K
}
Event: 949.332 GC heap after
{Heap after GC invocations=39 (full 0):
 garbage-first heap   total 333824K, used 142230K [0x0000000080000000, 0x0000000100000000)
  region size 1024K, 14 young (14336K), 14 survivors (14336K)
 Metaspace       used 123379K, committed 124352K, reserved 1163264K
  class space    used 17111K, committed 17600K, reserved 1048576K
}
Event: 957.592 GC heap before
{Heap before GC invocations=39 (full 0):
 garbage-first heap   total 333824K, used 269206K [0x0000000080000000, 0x0000000100000000)
  region size 1024K, 139 young (142336K), 14 survivors (14336K)
 Metaspace       used 124163K, committed 125184K, reserved 1163264K
  class space    used 17142K, committed 17600K, reserved 1048576K
}
Event: 957.624 GC heap after
{Heap after GC invocations=40 (full 0):
 garbage-first heap   total 333824K, used 145309K [0x0000000080000000, 0x0000000100000000)
  region size 1024K, 12 young (12288K), 12 survivors (12288K)
 Metaspace       used 124163K, committed 125184K, reserved 1163264K
  class space    used 17142K, committed 17600K, reserved 1048576K
}
Event: 957.842 GC heap before
{Heap before GC invocations=40 (full 0):
 garbage-first heap   total 333824K, used 197533K [0x0000000080000000, 0x0000000100000000)
  region size 1024K, 27 young (27648K), 12 survivors (12288K)
 Metaspace       used 124186K, committed 125184K, reserved 1163264K
  class space    used 17142K, committed 17600K, reserved 1048576K
}
Event: 957.861 GC heap after
{Heap after GC invocations=41 (full 0):
 garbage-first heap   total 333824K, used 160751K [0x0000000080000000, 0x0000000100000000)
  region size 1024K, 2 young (2048K), 2 survivors (2048K)
 Metaspace       used 124186K, committed 125184K, reserved 1163264K
  class space    used 17142K, committed 17600K, reserved 1048576K
}
Event: 957.878 GC heap before
{Heap before GC invocations=41 (full 0):
 garbage-first heap   total 333824K, used 170991K [0x0000000080000000, 0x0000000100000000)
  region size 1024K, 3 young (3072K), 2 survivors (2048K)
 Metaspace       used 124186K, committed 125184K, reserved 1163264K
  class space    used 17142K, committed 17600K, reserved 1048576K
}
Event: 957.881 GC heap after
{Heap after GC invocations=42 (full 0):
 garbage-first heap   total 333824K, used 163843K [0x0000000080000000, 0x0000000100000000)
  region size 1024K, 1 young (1024K), 1 survivors (1024K)
 Metaspace       used 124186K, committed 125184K, reserved 1163264K
  class space    used 17142K, committed 17600K, reserved 1048576K
}
Event: 957.895 GC heap before
{Heap before GC invocations=42 (full 0):
 garbage-first heap   total 333824K, used 165891K [0x0000000080000000, 0x0000000100000000)
  region size 1024K, 2 young (2048K), 1 survivors (1024K)
 Metaspace       used 124186K, committed 125184K, reserved 1163264K
  class space    used 17142K, committed 17600K, reserved 1048576K
}
Event: 957.898 GC heap after
{Heap after GC invocations=43 (full 0):
 garbage-first heap   total 333824K, used 163489K [0x0000000080000000, 0x0000000100000000)
  region size 1024K, 1 young (1024K), 1 survivors (1024K)
 Metaspace       used 124186K, committed 125184K, reserved 1163264K
  class space    used 17142K, committed 17600K, reserved 1048576K
}
Event: 1572.165 GC heap before
{Heap before GC invocations=44 (full 0):
 garbage-first heap   total 384000K, used 345761K [0x0000000080000000, 0x0000000100000000)
  region size 1024K, 118 young (120832K), 1 survivors (1024K)
 Metaspace       used 124443K, committed 125440K, reserved 1163264K
  class space    used 17145K, committed 17600K, reserved 1048576K
}
Event: 1572.172 GC heap after
{Heap after GC invocations=45 (full 0):
 garbage-first heap   total 384000K, used 139562K [0x0000000080000000, 0x0000000100000000)
  region size 1024K, 1 young (1024K), 1 survivors (1024K)
 Metaspace       used 124443K, committed 125440K, reserved 1163264K
  class space    used 17145K, committed 17600K, reserved 1048576K
}
Event: 1572.513 GC heap before
{Heap before GC invocations=45 (full 0):
 garbage-first heap   total 384000K, used 156970K [0x0000000080000000, 0x0000000100000000)
  region size 1024K, 18 young (18432K), 1 survivors (1024K)
 Metaspace       used 124454K, committed 125440K, reserved 1163264K
  class space    used 17145K, committed 17600K, reserved 1048576K
}
Event: 1572.529 GC heap after
{Heap after GC invocations=46 (full 0):
 garbage-first heap   total 384000K, used 126121K [0x0000000080000000, 0x0000000100000000)
  region size 1024K, 3 young (3072K), 3 survivors (3072K)
 Metaspace       used 124454K, committed 125440K, reserved 1163264K
  class space    used 17145K, committed 17600K, reserved 1048576K
}
Event: 1578.706 GC heap before
{Heap before GC invocations=46 (full 0):
 garbage-first heap   total 384000K, used 242857K [0x0000000080000000, 0x0000000100000000)
  region size 1024K, 119 young (121856K), 3 survivors (3072K)
 Metaspace       used 124983K, committed 126016K, reserved 1163264K
  class space    used 17150K, committed 17664K, reserved 1048576K
}

