# JRE version: OpenJDK Runtime Environment (17.0.6) (build 17.0.6+0-b2043.56-10027231)
# Java VM: OpenJDK 64-Bit Server VM (17.0.6+0-b2043.56-10027231, mixed mode, tiered, compressed oops, compressed class ptrs, g1 gc, windows-amd64)
GC Precious Log:
 CPUs: 8 total, 8 available
 Memory: 12174M
 Large Page Support: Disabled
 NUMA Support: Disabled
 Compressed Oops: Enabled (Zero based)
 Heap Region Size: 2M
 Heap Min Capacity: 8M
 Heap Initial Capacity: 192M
 Heap Max Capacity: 3044M
 Pre-touch: Disabled
 Parallel Workers: 8
 Concurrent Workers: 2
 Concurrent Refinement Workers: 8
 Periodic GC: Disabled
Heap:
 garbage-first heap   total 118784K, used 51963K [0x0000000741c00000, 0x0000000800000000)
  region size 2048K, 8 young (16384K), 4 survivors (8192K)
 Metaspace       used 59177K, committed 59456K, reserved 1105920K
  class space    used 6995K, committed 7104K, reserved 1048576K
GC Heap History (20 events):
Event: 4.110 GC heap before
{Heap before GC invocations=5 (full 0):
 garbage-first heap   total 49152K, used 31058K [0x0000000741c00000, 0x0000000800000000)
  region size 2048K, 12 young (24576K), 5 survivors (10240K)
 Metaspace       used 31471K, committed 31744K, reserved 1081344K
  class space    used 3826K, committed 3904K, reserved 1048576K
}
Event: 4.135 GC heap after
{Heap after GC invocations=6 (full 0):
 garbage-first heap   total 49152K, used 18277K [0x0000000741c00000, 0x0000000800000000)
  region size 2048K, 2 young (4096K), 2 survivors (4096K)
 Metaspace       used 31471K, committed 31744K, reserved 1081344K
  class space    used 3826K, committed 3904K, reserved 1048576K
}
Event: 4.766 GC heap before
{Heap before GC invocations=6 (full 0):
 garbage-first heap   total 49152K, used 38757K [0x0000000741c00000, 0x0000000800000000)
  region size 2048K, 11 young (22528K), 2 survivors (4096K)
 Metaspace       used 34008K, committed 34240K, reserved 1081344K
  class space    used 4331K, committed 4416K, reserved 1048576K
}
Event: 4.795 GC heap after
{Heap after GC invocations=7 (full 0):
 garbage-first heap   total 49152K, used 24323K [0x0000000741c00000, 0x0000000800000000)
  region size 2048K, 2 young (4096K), 2 survivors (4096K)
 Metaspace       used 34008K, committed 34240K, reserved 1081344K
  class space    used 4331K, committed 4416K, reserved 1048576K
}
Event: 5.090 GC heap before
{Heap before GC invocations=7 (full 0):
 garbage-first heap   total 49152K, used 28419K [0x0000000741c00000, 0x0000000800000000)
  region size 2048K, 6 young (12288K), 2 survivors (4096K)
 Metaspace       used 35770K, committed 35968K, reserved 1081344K
  class space    used 4518K, committed 4608K, reserved 1048576K
}
Event: 5.114 GC heap after
{Heap after GC invocations=8 (full 0):
 garbage-first heap   total 63488K, used 25849K [0x0000000741c00000, 0x0000000800000000)
  region size 2048K, 1 young (2048K), 1 survivors (2048K)
 Metaspace       used 35770K, committed 35968K, reserved 1081344K
  class space    used 4518K, committed 4608K, reserved 1048576K
}
Event: 5.651 GC heap before
{Heap before GC invocations=9 (full 0):
 garbage-first heap   total 63488K, used 44281K [0x0000000741c00000, 0x0000000800000000)
  region size 2048K, 10 young (20480K), 1 survivors (2048K)
 Metaspace       used 38701K, committed 38912K, reserved 1089536K
  class space    used 4865K, committed 4928K, reserved 1048576K
}
Event: 5.666 GC heap after
{Heap after GC invocations=10 (full 0):
 garbage-first heap   total 63488K, used 26275K [0x0000000741c00000, 0x0000000800000000)
  region size 2048K, 2 young (4096K), 2 survivors (4096K)
 Metaspace       used 38701K, committed 38912K, reserved 1089536K
  class space    used 4865K, committed 4928K, reserved 1048576K
}
Event: 5.708 GC heap before
{Heap before GC invocations=10 (full 0):
 garbage-first heap   total 63488K, used 28323K [0x0000000741c00000, 0x0000000800000000)
  region size 2048K, 3 young (6144K), 2 survivors (4096K)
 Metaspace       used 39077K, committed 39360K, reserved 1089536K
  class space    used 4888K, committed 4992K, reserved 1048576K
}
Event: 5.721 GC heap after
{Heap after GC invocations=11 (full 0):
 garbage-first heap   total 63488K, used 26185K [0x0000000741c00000, 0x0000000800000000)
  region size 2048K, 1 young (2048K), 1 survivors (2048K)
 Metaspace       used 39077K, committed 39360K, reserved 1089536K
  class space    used 4888K, committed 4992K, reserved 1048576K
}
Event: 6.262 GC heap before
{Heap before GC invocations=11 (full 0):
 garbage-first heap   total 63488K, used 42569K [0x0000000741c00000, 0x0000000800000000)
  region size 2048K, 10 young (20480K), 1 survivors (2048K)
 Metaspace       used 42771K, committed 43072K, reserved 1089536K
  class space    used 5209K, committed 5376K, reserved 1048576K
}
Event: 6.269 GC heap after
{Heap after GC invocations=12 (full 0):
 garbage-first heap   total 63488K, used 27481K [0x0000000741c00000, 0x0000000800000000)
  region size 2048K, 1 young (2048K), 1 survivors (2048K)
 Metaspace       used 42771K, committed 43072K, reserved 1089536K
  class space    used 5209K, committed 5376K, reserved 1048576K
}
Event: 7.141 GC heap before
{Heap before GC invocations=12 (full 0):
 garbage-first heap   total 63488K, used 45913K [0x0000000741c00000, 0x0000000800000000)
  region size 2048K, 10 young (20480K), 1 survivors (2048K)
 Metaspace       used 47361K, committed 47616K, reserved 1097728K
  class space    used 5717K, committed 5824K, reserved 1048576K
}
Event: 7.158 GC heap after
{Heap after GC invocations=13 (full 0):
 garbage-first heap   total 63488K, used 29353K [0x0000000741c00000, 0x0000000800000000)
  region size 2048K, 2 young (4096K), 2 survivors (4096K)
 Metaspace       used 47361K, committed 47616K, reserved 1097728K
  class space    used 5717K, committed 5824K, reserved 1048576K
}
Event: 8.014 GC heap before
{Heap before GC invocations=13 (full 0):
 garbage-first heap   total 63488K, used 47785K [0x0000000741c00000, 0x0000000800000000)
  region size 2048K, 10 young (20480K), 2 survivors (4096K)
 Metaspace       used 50033K, committed 50304K, reserved 1097728K
  class space    used 6040K, committed 6144K, reserved 1048576K
}
Event: 8.044 GC heap after
{Heap after GC invocations=14 (full 0):
 garbage-first heap   total 118784K, used 34235K [0x0000000741c00000, 0x0000000800000000)
  region size 2048K, 2 young (4096K), 2 survivors (4096K)
 Metaspace       used 50033K, committed 50304K, reserved 1097728K
  class space    used 6040K, committed 6144K, reserved 1048576K
}
Event: 9.481 GC heap before
{Heap before GC invocations=14 (full 0):
 garbage-first heap   total 118784K, used 87483K [0x0000000741c00000, 0x0000000800000000)
  region size 2048K, 28 young (57344K), 2 survivors (4096K)
 Metaspace       used 53595K, committed 53888K, reserved 1097728K
  class space    used 6422K, committed 6528K, reserved 1048576K
}
Event: 9.521 GC heap after
{Heap after GC invocations=15 (full 0):
 garbage-first heap   total 118784K, used 38003K [0x0000000741c00000, 0x0000000800000000)
  region size 2048K, 4 young (8192K), 4 survivors (8192K)
 Metaspace       used 53595K, committed 53888K, reserved 1097728K
  class space    used 6422K, committed 6528K, reserved 1048576K
}
Event: 12.381 GC heap before
{Heap before GC invocations=15 (full 0):
 garbage-first heap   total 118784K, used 87155K [0x0000000741c00000, 0x0000000800000000)
  region size 2048K, 29 young (59392K), 4 survivors (8192K)
 Metaspace       used 58284K, committed 58624K, reserved 1105920K
  class space    used 6876K, committed 7040K, reserved 1048576K
}
Event: 12.438 GC heap after
{Heap after GC invocations=16 (full 0):
 garbage-first heap   total 118784K, used 45819K [0x0000000741c00000, 0x0000000800000000)
  region size 2048K, 4 young (8192K), 4 survivors (8192K)
 Metaspace       used 58284K, committed 58624K, reserved 1105920K
  class space    used 6876K, committed 7040K, reserved 1048576K
}

