# JRE version: OpenJDK Runtime Environment (17.0.6) (build 17.0.6+0-b2043.56-10027231)
# Java VM: OpenJDK 64-Bit Server VM (17.0.6+0-b2043.56-10027231, mixed mode, tiered, compressed oops, compressed class ptrs, g1 gc, windows-amd64)
GC Precious Log:
 CPUs: 8 total, 8 available
 Memory: 12174M
 Large Page Support: Disabled
 NUMA Support: Disabled
 Compressed Oops: Enabled (32-bit)
 Heap Region Size: 1M
 Heap Min Capacity: 8M
 Heap Initial Capacity: 192M
 Heap Max Capacity: 2G
 Pre-touch: Disabled
 Parallel Workers: 8
 Concurrent Workers: 2
 Concurrent Refinement Workers: 8
 Periodic GC: Disabled
Heap:
 garbage-first heap   total 147456K, used 70785K [0x0000000080000000, 0x0000000100000000)
  region size 1024K, 16 young (16384K), 3 survivors (3072K)
 Metaspace       used 66117K, committed 66688K, reserved 1114112K
  class space    used 8786K, committed 9024K, reserved 1048576K
GC Heap History (20 events):
Event: 7.151 GC heap before
{Heap before GC invocations=12 (full 0):
 garbage-first heap   total 82944K, used 61500K [0x0000000080000000, 0x0000000100000000)
  region size 1024K, 34 young (34816K), 5 survivors (5120K)
 Metaspace       used 50143K, committed 50560K, reserved 1097728K
  class space    used 6706K, committed 6912K, reserved 1048576K
}
Event: 7.159 GC heap after
{Heap after GC invocations=13 (full 0):
 garbage-first heap   total 82944K, used 33560K [0x0000000080000000, 0x0000000100000000)
  region size 1024K, 4 young (4096K), 4 survivors (4096K)
 Metaspace       used 50143K, committed 50560K, reserved 1097728K
  class space    used 6706K, committed 6912K, reserved 1048576K
}
Event: 8.382 GC heap before
{Heap before GC invocations=13 (full 0):
 garbage-first heap   total 82944K, used 63256K [0x0000000080000000, 0x0000000100000000)
  region size 1024K, 33 young (33792K), 4 survivors (4096K)
 Metaspace       used 52867K, committed 53376K, reserved 1097728K
  class space    used 7076K, committed 7296K, reserved 1048576K
}
Event: 8.393 GC heap after
{Heap after GC invocations=14 (full 0):
 garbage-first heap   total 82944K, used 36009K [0x0000000080000000, 0x0000000100000000)
  region size 1024K, 5 young (5120K), 5 survivors (5120K)
 Metaspace       used 52867K, committed 53376K, reserved 1097728K
  class space    used 7076K, committed 7296K, reserved 1048576K
}
Event: 9.142 GC heap before
{Heap before GC invocations=14 (full 0):
 garbage-first heap   total 82944K, used 61609K [0x0000000080000000, 0x0000000100000000)
  region size 1024K, 28 young (28672K), 5 survivors (5120K)
 Metaspace       used 53484K, committed 53952K, reserved 1097728K
  class space    used 7135K, committed 7360K, reserved 1048576K
}
Event: 9.151 GC heap after
{Heap after GC invocations=15 (full 0):
 garbage-first heap   total 82944K, used 43262K [0x0000000080000000, 0x0000000100000000)
  region size 1024K, 4 young (4096K), 4 survivors (4096K)
 Metaspace       used 53484K, committed 53952K, reserved 1097728K
  class space    used 7135K, committed 7360K, reserved 1048576K
}
Event: 9.347 GC heap before
{Heap before GC invocations=16 (full 0):
 garbage-first heap   total 82944K, used 46334K [0x0000000080000000, 0x0000000100000000)
  region size 1024K, 7 young (7168K), 4 survivors (4096K)
 Metaspace       used 53484K, committed 53952K, reserved 1097728K
  class space    used 7135K, committed 7360K, reserved 1048576K
}
Event: 9.351 GC heap after
{Heap after GC invocations=17 (full 0):
 garbage-first heap   total 82944K, used 46057K [0x0000000080000000, 0x0000000100000000)
  region size 1024K, 3 young (3072K), 3 survivors (3072K)
 Metaspace       used 53484K, committed 53952K, reserved 1097728K
  class space    used 7135K, committed 7360K, reserved 1048576K
}
Event: 10.206 GC heap before
{Heap before GC invocations=18 (full 0):
 garbage-first heap   total 94208K, used 65513K [0x0000000080000000, 0x0000000100000000)
  region size 1024K, 18 young (18432K), 3 survivors (3072K)
 Metaspace       used 54979K, committed 55488K, reserved 1097728K
  class space    used 7338K, committed 7552K, reserved 1048576K
}
Event: 10.211 GC heap after
{Heap after GC invocations=19 (full 0):
 garbage-first heap   total 94208K, used 53439K [0x0000000080000000, 0x0000000100000000)
  region size 1024K, 3 young (3072K), 3 survivors (3072K)
 Metaspace       used 54979K, committed 55488K, reserved 1097728K
  class space    used 7338K, committed 7552K, reserved 1048576K
}
Event: 11.156 GC heap before
{Heap before GC invocations=19 (full 0):
 garbage-first heap   total 94208K, used 69823K [0x0000000080000000, 0x0000000100000000)
  region size 1024K, 19 young (19456K), 3 survivors (3072K)
 Metaspace       used 57154K, committed 57664K, reserved 1105920K
  class space    used 7647K, committed 7872K, reserved 1048576K
}
Event: 11.160 GC heap after
{Heap after GC invocations=20 (full 0):
 garbage-first heap   total 94208K, used 54008K [0x0000000080000000, 0x0000000100000000)
  region size 1024K, 1 young (1024K), 1 survivors (1024K)
 Metaspace       used 57154K, committed 57664K, reserved 1105920K
  class space    used 7647K, committed 7872K, reserved 1048576K
}
Event: 12.049 GC heap before
{Heap before GC invocations=21 (full 0):
 garbage-first heap   total 97280K, used 70392K [0x0000000080000000, 0x0000000100000000)
  region size 1024K, 18 young (18432K), 1 survivors (1024K)
 Metaspace       used 60046K, committed 60672K, reserved 1105920K
  class space    used 7977K, committed 8256K, reserved 1048576K
}
Event: 12.054 GC heap after
{Heap after GC invocations=22 (full 0):
 garbage-first heap   total 97280K, used 54497K [0x0000000080000000, 0x0000000100000000)
  region size 1024K, 2 young (2048K), 2 survivors (2048K)
 Metaspace       used 60046K, committed 60672K, reserved 1105920K
  class space    used 7977K, committed 8256K, reserved 1048576K
}
Event: 12.138 GC heap before
{Heap before GC invocations=22 (full 0):
 garbage-first heap   total 97280K, used 56545K [0x0000000080000000, 0x0000000100000000)
  region size 1024K, 4 young (4096K), 2 survivors (2048K)
 Metaspace       used 60257K, committed 60800K, reserved 1105920K
  class space    used 8018K, committed 8256K, reserved 1048576K
}
Event: 12.142 GC heap after
{Heap after GC invocations=23 (full 0):
 garbage-first heap   total 97280K, used 54625K [0x0000000080000000, 0x0000000100000000)
  region size 1024K, 1 young (1024K), 1 survivors (1024K)
 Metaspace       used 60257K, committed 60800K, reserved 1105920K
  class space    used 8018K, committed 8256K, reserved 1048576K
}
Event: 13.008 GC heap before
{Heap before GC invocations=23 (full 0):
 garbage-first heap   total 97280K, used 69985K [0x0000000080000000, 0x0000000100000000)
  region size 1024K, 18 young (18432K), 1 survivors (1024K)
 Metaspace       used 64014K, committed 64576K, reserved 1105920K
  class space    used 8508K, committed 8768K, reserved 1048576K
}
Event: 13.013 GC heap after
{Heap after GC invocations=24 (full 0):
 garbage-first heap   total 97280K, used 56518K [0x0000000080000000, 0x0000000100000000)
  region size 1024K, 3 young (3072K), 3 survivors (3072K)
 Metaspace       used 64014K, committed 64576K, reserved 1105920K
  class space    used 8508K, committed 8768K, reserved 1048576K
}
Event: 13.364 GC heap before
{Heap before GC invocations=25 (full 0):
 garbage-first heap   total 122880K, used 81094K [0x0000000080000000, 0x0000000100000000)
  region size 1024K, 21 young (21504K), 3 survivors (3072K)
 Metaspace       used 64887K, committed 65408K, reserved 1105920K
  class space    used 8633K, committed 8896K, reserved 1048576K
}
Event: 13.373 GC heap after
{Heap after GC invocations=26 (full 0):
 garbage-first heap   total 147456K, used 58497K [0x0000000080000000, 0x0000000100000000)
  region size 1024K, 3 young (3072K), 3 survivors (3072K)
 Metaspace       used 64887K, committed 65408K, reserved 1105920K
  class space    used 8633K, committed 8896K, reserved 1048576K
}

