# JRE version: OpenJDK Runtime Environment (17.0.6) (build 17.0.6+0-b2043.56-10027231)
# Java VM: OpenJDK 64-Bit Server VM (17.0.6+0-b2043.56-10027231, mixed mode, tiered, compressed oops, compressed class ptrs, g1 gc, windows-amd64)
GC Precious Log:
 CPUs: 8 total, 8 available
 Memory: 12174M
 Large Page Support: Disabled
 NUMA Support: Disabled
 Compressed Oops: Enabled (32-bit)
 Heap Region Size: 1M
 Heap Min Capacity: 8M
 Heap Initial Capacity: 192M
 Heap Max Capacity: 2G
 Pre-touch: Disabled
 Parallel Workers: 8
 Concurrent Workers: 2
 Concurrent Refinement Workers: 8
 Periodic GC: Disabled
Heap:
 garbage-first heap   total 153600K, used 93903K [0x0000000080000000, 0x0000000100000000)
  region size 1024K, 3 young (3072K), 3 survivors (3072K)
 Metaspace       used 95372K, committed 96064K, reserved 1138688K
  class space    used 13069K, committed 13376K, reserved 1048576K
GC Heap History (20 events):
Event: 12.378 GC heap after
{Heap after GC invocations=26 (full 0):
 garbage-first heap   total 110592K, used 66001K [0x0000000080000000, 0x0000000100000000)
  region size 1024K, 4 young (4096K), 4 survivors (4096K)
 Metaspace       used 75322K, committed 75904K, reserved 1122304K
  class space    used 10001K, committed 10304K, reserved 1048576K
}
Event: 12.825 GC heap before
{Heap before GC invocations=27 (full 0):
 garbage-first heap   total 119808K, used 87505K [0x0000000080000000, 0x0000000100000000)
  region size 1024K, 27 young (27648K), 4 survivors (4096K)
 Metaspace       used 76491K, committed 77056K, reserved 1122304K
  class space    used 10163K, committed 10432K, reserved 1048576K
}
Event: 12.831 GC heap after
{Heap after GC invocations=28 (full 0):
 garbage-first heap   total 119808K, used 66948K [0x0000000080000000, 0x0000000100000000)
  region size 1024K, 2 young (2048K), 2 survivors (2048K)
 Metaspace       used 76491K, committed 77056K, reserved 1122304K
  class space    used 10163K, committed 10432K, reserved 1048576K
}
Event: 13.468 GC heap before
{Heap before GC invocations=28 (full 0):
 garbage-first heap   total 119808K, used 97668K [0x0000000080000000, 0x0000000100000000)
  region size 1024K, 32 young (32768K), 2 survivors (2048K)
 Metaspace       used 79974K, committed 80576K, reserved 1122304K
  class space    used 10816K, committed 11072K, reserved 1048576K
}
Event: 13.473 GC heap after
{Heap after GC invocations=29 (full 0):
 garbage-first heap   total 119808K, used 68386K [0x0000000080000000, 0x0000000100000000)
  region size 1024K, 4 young (4096K), 4 survivors (4096K)
 Metaspace       used 79974K, committed 80576K, reserved 1122304K
  class space    used 10816K, committed 11072K, reserved 1048576K
}
Event: 14.098 GC heap before
{Heap before GC invocations=29 (full 0):
 garbage-first heap   total 119808K, used 98082K [0x0000000080000000, 0x0000000100000000)
  region size 1024K, 33 young (33792K), 4 survivors (4096K)
 Metaspace       used 83104K, committed 83712K, reserved 1122304K
  class space    used 11281K, committed 11584K, reserved 1048576K
}
Event: 14.105 GC heap after
{Heap after GC invocations=30 (full 0):
 garbage-first heap   total 119808K, used 70323K [0x0000000080000000, 0x0000000100000000)
  region size 1024K, 4 young (4096K), 4 survivors (4096K)
 Metaspace       used 83104K, committed 83712K, reserved 1122304K
  class space    used 11281K, committed 11584K, reserved 1048576K
}
Event: 14.711 GC heap before
{Heap before GC invocations=30 (full 0):
 garbage-first heap   total 119808K, used 98995K [0x0000000080000000, 0x0000000100000000)
  region size 1024K, 32 young (32768K), 4 survivors (4096K)
 Metaspace       used 85825K, committed 86400K, reserved 1130496K
  class space    used 11673K, committed 11968K, reserved 1048576K
}
Event: 14.720 GC heap after
{Heap after GC invocations=31 (full 0):
 garbage-first heap   total 119808K, used 72704K [0x0000000080000000, 0x0000000100000000)
  region size 1024K, 4 young (4096K), 4 survivors (4096K)
 Metaspace       used 85825K, committed 86400K, reserved 1130496K
  class space    used 11673K, committed 11968K, reserved 1048576K
}
Event: 15.498 GC heap before
{Heap before GC invocations=32 (full 0):
 garbage-first heap   total 128000K, used 99328K [0x0000000080000000, 0x0000000100000000)
  region size 1024K, 30 young (30720K), 4 survivors (4096K)
 Metaspace       used 90003K, committed 90688K, reserved 1130496K
  class space    used 12287K, committed 12608K, reserved 1048576K
}
Event: 15.507 GC heap after
{Heap after GC invocations=33 (full 0):
 garbage-first heap   total 128000K, used 74661K [0x0000000080000000, 0x0000000100000000)
  region size 1024K, 2 young (2048K), 2 survivors (2048K)
 Metaspace       used 90003K, committed 90688K, reserved 1130496K
  class space    used 12287K, committed 12608K, reserved 1048576K
}
Event: 15.627 GC heap before
{Heap before GC invocations=33 (full 0):
 garbage-first heap   total 128000K, used 77733K [0x0000000080000000, 0x0000000100000000)
  region size 1024K, 6 young (6144K), 2 survivors (2048K)
 Metaspace       used 90434K, committed 91136K, reserved 1130496K
  class space    used 12342K, committed 12672K, reserved 1048576K
}
Event: 15.632 GC heap after
{Heap after GC invocations=34 (full 0):
 garbage-first heap   total 153600K, used 74669K [0x0000000080000000, 0x0000000100000000)
  region size 1024K, 1 young (1024K), 1 survivors (1024K)
 Metaspace       used 90434K, committed 91136K, reserved 1130496K
  class space    used 12342K, committed 12672K, reserved 1048576K
}
Event: 16.342 GC heap before
{Heap before GC invocations=34 (full 0):
 garbage-first heap   total 153600K, used 123821K [0x0000000080000000, 0x0000000100000000)
  region size 1024K, 49 young (50176K), 1 survivors (1024K)
 Metaspace       used 92622K, committed 93184K, reserved 1130496K
  class space    used 12638K, committed 12928K, reserved 1048576K
}
Event: 16.350 GC heap after
{Heap after GC invocations=35 (full 0):
 garbage-first heap   total 153600K, used 80533K [0x0000000080000000, 0x0000000100000000)
  region size 1024K, 7 young (7168K), 7 survivors (7168K)
 Metaspace       used 92622K, committed 93184K, reserved 1130496K
  class space    used 12638K, committed 12928K, reserved 1048576K
}
Event: 17.004 GC heap before
{Heap before GC invocations=35 (full 0):
 garbage-first heap   total 153600K, used 124565K [0x0000000080000000, 0x0000000100000000)
  region size 1024K, 50 young (51200K), 7 survivors (7168K)
 Metaspace       used 94153K, committed 94784K, reserved 1138688K
  class space    used 12903K, committed 13184K, reserved 1048576K
}
Event: 17.018 GC heap after
{Heap after GC invocations=36 (full 0):
 garbage-first heap   total 153600K, used 87624K [0x0000000080000000, 0x0000000100000000)
  region size 1024K, 7 young (7168K), 7 survivors (7168K)
 Metaspace       used 94153K, committed 94784K, reserved 1138688K
  class space    used 12903K, committed 13184K, reserved 1048576K
}
Event: 17.546 GC heap before
{Heap before GC invocations=36 (full 0):
 garbage-first heap   total 153600K, used 124488K [0x0000000080000000, 0x0000000100000000)
  region size 1024K, 44 young (45056K), 7 survivors (7168K)
 Metaspace       used 94937K, committed 95616K, reserved 1138688K
  class space    used 13033K, committed 13312K, reserved 1048576K
}
Event: 17.559 GC heap after
{Heap after GC invocations=37 (full 0):
 garbage-first heap   total 153600K, used 91406K [0x0000000080000000, 0x0000000100000000)
  region size 1024K, 5 young (5120K), 5 survivors (5120K)
 Metaspace       used 94937K, committed 95616K, reserved 1138688K
  class space    used 13033K, committed 13312K, reserved 1048576K
}
Event: 18.099 GC heap before
{Heap before GC invocations=37 (full 0):
 garbage-first heap   total 153600K, used 125198K [0x0000000080000000, 0x0000000100000000)
  region size 1024K, 39 young (39936K), 5 survivors (5120K)
 Metaspace       used 95372K, committed 96064K, reserved 1138688K
  class space    used 13069K, committed 13376K, reserved 1048576K
}

