# JRE version: OpenJDK Runtime Environment (17.0.6) (build 17.0.6+0-b2043.56-10027231)
# Java VM: OpenJDK 64-Bit Server VM (17.0.6+0-b2043.56-10027231, mixed mode, tiered, compressed oops, compressed class ptrs, g1 gc, windows-amd64)
GC Precious Log:
 CPUs: 8 total, 8 available
 Memory: 12174M
 Large Page Support: Disabled
 NUMA Support: Disabled
 Compressed Oops: Enabled (Zero based)
 Heap Region Size: 2M
 Heap Min Capacity: 8M
 Heap Initial Capacity: 192M
 Heap Max Capacity: 3044M
 Pre-touch: Disabled
 Parallel Workers: 8
 Concurrent Workers: 2
 Concurrent Refinement Workers: 8
 Periodic GC: Disabled
Heap:
 garbage-first heap   total 153600K, used 62007K [0x0000000741c00000, 0x0000000800000000)
  region size 2048K, 8 young (16384K), 5 survivors (10240K)
 Metaspace       used 61713K, committed 62016K, reserved 1105920K
  class space    used 7170K, committed 7296K, reserved 1048576K
GC Heap History (20 events):
Event: 3.291 GC heap before
{Heap before GC invocations=5 (full 0):
 garbage-first heap   total 55296K, used 16910K [0x0000000741c00000, 0x0000000800000000)
  region size 2048K, 3 young (6144K), 2 survivors (4096K)
 Metaspace       used 29084K, committed 29376K, reserved 1081344K
  class space    used 3262K, committed 3392K, reserved 1048576K
}
Event: 3.298 GC heap after
{Heap after GC invocations=6 (full 0):
 garbage-first heap   total 55296K, used 16938K [0x0000000741c00000, 0x0000000800000000)
  region size 2048K, 1 young (2048K), 1 survivors (2048K)
 Metaspace       used 29084K, committed 29376K, reserved 1081344K
  class space    used 3262K, committed 3392K, reserved 1048576K
}
Event: 3.746 GC heap before
{Heap before GC invocations=6 (full 0):
 garbage-first heap   total 55296K, used 43562K [0x0000000741c00000, 0x0000000800000000)
  region size 2048K, 12 young (24576K), 1 survivors (2048K)
 Metaspace       used 31512K, committed 31744K, reserved 1081344K
  class space    used 3824K, committed 3904K, reserved 1048576K
}
Event: 3.761 GC heap after
{Heap after GC invocations=7 (full 0):
 garbage-first heap   total 55296K, used 24113K [0x0000000741c00000, 0x0000000800000000)
  region size 2048K, 2 young (4096K), 2 survivors (4096K)
 Metaspace       used 31512K, committed 31744K, reserved 1081344K
  class space    used 3824K, committed 3904K, reserved 1048576K
}
Event: 4.349 GC heap before
{Heap before GC invocations=7 (full 0):
 garbage-first heap   total 55296K, used 40497K [0x0000000741c00000, 0x0000000800000000)
  region size 2048K, 10 young (20480K), 2 survivors (4096K)
 Metaspace       used 35320K, committed 35520K, reserved 1081344K
  class space    used 4457K, committed 4544K, reserved 1048576K
}
Event: 4.368 GC heap after
{Heap after GC invocations=8 (full 0):
 garbage-first heap   total 83968K, used 26725K [0x0000000741c00000, 0x0000000800000000)
  region size 2048K, 2 young (4096K), 2 survivors (4096K)
 Metaspace       used 35320K, committed 35520K, reserved 1081344K
  class space    used 4457K, committed 4544K, reserved 1048576K
}
Event: 4.455 GC heap before
{Heap before GC invocations=8 (full 0):
 garbage-first heap   total 83968K, used 28773K [0x0000000741c00000, 0x0000000800000000)
  region size 2048K, 4 young (8192K), 2 survivors (4096K)
 Metaspace       used 35777K, committed 35968K, reserved 1081344K
  class space    used 4513K, committed 4608K, reserved 1048576K
}
Event: 4.463 GC heap after
{Heap after GC invocations=9 (full 0):
 garbage-first heap   total 83968K, used 26906K [0x0000000741c00000, 0x0000000800000000)
  region size 2048K, 2 young (4096K), 2 survivors (4096K)
 Metaspace       used 35777K, committed 35968K, reserved 1081344K
  class space    used 4513K, committed 4608K, reserved 1048576K
}
Event: 5.251 GC heap before
{Heap before GC invocations=10 (full 0):
 garbage-first heap   total 83968K, used 57626K [0x0000000741c00000, 0x0000000800000000)
  region size 2048K, 17 young (34816K), 2 survivors (4096K)
 Metaspace       used 40153K, committed 40448K, reserved 1089536K
  class space    used 4975K, committed 5120K, reserved 1048576K
}
Event: 5.280 GC heap after
{Heap after GC invocations=11 (full 0):
 garbage-first heap   total 83968K, used 31587K [0x0000000741c00000, 0x0000000800000000)
  region size 2048K, 3 young (6144K), 3 survivors (6144K)
 Metaspace       used 40153K, committed 40448K, reserved 1089536K
  class space    used 4975K, committed 5120K, reserved 1048576K
}
Event: 6.194 GC heap before
{Heap before GC invocations=12 (full 0):
 garbage-first heap   total 83968K, used 58211K [0x0000000741c00000, 0x0000000800000000)
  region size 2048K, 16 young (32768K), 3 survivors (6144K)
 Metaspace       used 46485K, committed 46784K, reserved 1097728K
  class space    used 5617K, committed 5760K, reserved 1048576K
}
Event: 6.216 GC heap after
{Heap after GC invocations=13 (full 0):
 garbage-first heap   total 83968K, used 34247K [0x0000000741c00000, 0x0000000800000000)
  region size 2048K, 2 young (4096K), 2 survivors (4096K)
 Metaspace       used 46485K, committed 46784K, reserved 1097728K
  class space    used 5617K, committed 5760K, reserved 1048576K
}
Event: 6.255 GC heap before
{Heap before GC invocations=13 (full 0):
 garbage-first heap   total 83968K, used 36295K [0x0000000741c00000, 0x0000000800000000)
  region size 2048K, 3 young (6144K), 2 survivors (4096K)
 Metaspace       used 46707K, committed 46976K, reserved 1097728K
  class space    used 5644K, committed 5760K, reserved 1048576K
}
Event: 6.267 GC heap after
{Heap after GC invocations=14 (full 0):
 garbage-first heap   total 83968K, used 35066K [0x0000000741c00000, 0x0000000800000000)
  region size 2048K, 1 young (2048K), 1 survivors (2048K)
 Metaspace       used 46707K, committed 46976K, reserved 1097728K
  class space    used 5644K, committed 5760K, reserved 1048576K
}
Event: 7.251 GC heap before
{Heap before GC invocations=14 (full 0):
 garbage-first heap   total 83968K, used 59642K [0x0000000741c00000, 0x0000000800000000)
  region size 2048K, 13 young (26624K), 1 survivors (2048K)
 Metaspace       used 51126K, committed 51456K, reserved 1097728K
  class space    used 6166K, committed 6336K, reserved 1048576K
}
Event: 7.275 GC heap after
{Heap after GC invocations=15 (full 0):
 garbage-first heap   total 153600K, used 40960K [0x0000000741c00000, 0x0000000800000000)
  region size 2048K, 2 young (4096K), 2 survivors (4096K)
 Metaspace       used 51126K, committed 51456K, reserved 1097728K
  class space    used 6166K, committed 6336K, reserved 1048576K
}
Event: 10.449 GC heap before
{Heap before GC invocations=15 (full 0):
 garbage-first heap   total 153600K, used 112640K [0x0000000741c00000, 0x0000000800000000)
  region size 2048K, 37 young (75776K), 2 survivors (4096K)
 Metaspace       used 57478K, committed 57728K, reserved 1105920K
  class space    used 6847K, committed 6976K, reserved 1048576K
}
Event: 10.481 GC heap after
{Heap after GC invocations=16 (full 0):
 garbage-first heap   total 153600K, used 47739K [0x0000000741c00000, 0x0000000800000000)
  region size 2048K, 5 young (10240K), 5 survivors (10240K)
 Metaspace       used 57478K, committed 57728K, reserved 1105920K
  class space    used 6847K, committed 6976K, reserved 1048576K
}
Event: 14.655 GC heap before
{Heap before GC invocations=16 (full 0):
 garbage-first heap   total 153600K, used 113275K [0x0000000741c00000, 0x0000000800000000)
  region size 2048K, 37 young (75776K), 5 survivors (10240K)
 Metaspace       used 61490K, committed 61760K, reserved 1105920K
  class space    used 7147K, committed 7296K, reserved 1048576K
}
Event: 14.724 GC heap after
{Heap after GC invocations=17 (full 0):
 garbage-first heap   total 153600K, used 57911K [0x0000000741c00000, 0x0000000800000000)
  region size 2048K, 5 young (10240K), 5 survivors (10240K)
 Metaspace       used 61490K, committed 61760K, reserved 1105920K
  class space    used 7147K, committed 7296K, reserved 1048576K
}

