# JRE version: OpenJDK Runtime Environment (17.0.6) (build 17.0.6+0-b2043.56-10027231)
# Java VM: OpenJDK 64-Bit Server VM (17.0.6+0-b2043.56-10027231, mixed mode, tiered, compressed oops, compressed class ptrs, g1 gc, windows-amd64)
GC Precious Log:
 CPUs: 8 total, 8 available
 Memory: 12174M
 Large Page Support: Disabled
 NUMA Support: Disabled
 Compressed Oops: Enabled (32-bit)
 Heap Region Size: 1M
 Heap Min Capacity: 8M
 Heap Initial Capacity: 192M
 Heap Max Capacity: 2G
 Pre-touch: Disabled
 Parallel Workers: 8
 Concurrent Workers: 2
 Concurrent Refinement Workers: 8
 Periodic GC: Disabled
Heap:
 garbage-first heap   total 354304K, used 133775K [0x0000000080000000, 0x0000000100000000)
  region size 1024K, 2 young (2048K), 2 survivors (2048K)
 Metaspace       used 125755K, committed 126848K, reserved 1163264K
  class space    used 17032K, committed 17536K, reserved 1048576K
GC Heap History (20 events):
Event: 396.249 GC heap after
{Heap after GC invocations=45 (full 0):
 garbage-first heap   total 354304K, used 107450K [0x0000000080000000, 0x0000000100000000)
  region size 1024K, 2 young (2048K), 2 survivors (2048K)
 Metaspace       used 103412K, committed 104192K, reserved 1146880K
  class space    used 14082K, committed 14464K, reserved 1048576K
}
Event: 416.666 GC heap before
{Heap before GC invocations=45 (full 0):
 garbage-first heap   total 354304K, used 198586K [0x0000000080000000, 0x0000000100000000)
  region size 1024K, 93 young (95232K), 2 survivors (2048K)
 Metaspace       used 104082K, committed 104960K, reserved 1146880K
  class space    used 14131K, committed 14528K, reserved 1048576K
}
Event: 416.686 GC heap after
{Heap after GC invocations=46 (full 0):
 garbage-first heap   total 354304K, used 117348K [0x0000000080000000, 0x0000000100000000)
  region size 1024K, 11 young (11264K), 11 survivors (11264K)
 Metaspace       used 104082K, committed 104960K, reserved 1146880K
  class space    used 14131K, committed 14528K, reserved 1048576K
}
Event: 515.500 GC heap before
{Heap before GC invocations=47 (full 0):
 garbage-first heap   total 354304K, used 331364K [0x0000000080000000, 0x0000000100000000)
  region size 1024K, 153 young (156672K), 11 survivors (11264K)
 Metaspace       used 122961K, committed 123904K, reserved 1163264K
  class space    used 16952K, committed 17408K, reserved 1048576K
}
Event: 515.526 GC heap after
{Heap after GC invocations=48 (full 0):
 garbage-first heap   total 354304K, used 121862K [0x0000000080000000, 0x0000000100000000)
  region size 1024K, 16 young (16384K), 16 survivors (16384K)
 Metaspace       used 122961K, committed 123904K, reserved 1163264K
  class space    used 16952K, committed 17408K, reserved 1048576K
}
Event: 515.532 GC heap before
{Heap before GC invocations=48 (full 0):
 garbage-first heap   total 354304K, used 122886K [0x0000000080000000, 0x0000000100000000)
  region size 1024K, 17 young (17408K), 16 survivors (16384K)
 Metaspace       used 122961K, committed 123904K, reserved 1163264K
  class space    used 16952K, committed 17408K, reserved 1048576K
}
Event: 515.557 GC heap after
{Heap after GC invocations=49 (full 0):
 garbage-first heap   total 354304K, used 118455K [0x0000000080000000, 0x0000000100000000)
  region size 1024K, 1 young (1024K), 1 survivors (1024K)
 Metaspace       used 122961K, committed 123904K, reserved 1163264K
  class space    used 16952K, committed 17408K, reserved 1048576K
}
Event: 533.475 GC heap before
{Heap before GC invocations=49 (full 0):
 garbage-first heap   total 354304K, used 291511K [0x0000000080000000, 0x0000000100000000)
  region size 1024K, 171 young (175104K), 1 survivors (1024K)
 Metaspace       used 123546K, committed 124544K, reserved 1163264K
  class space    used 16993K, committed 17472K, reserved 1048576K
}
Event: 533.525 GC heap after
{Heap after GC invocations=50 (full 0):
 garbage-first heap   total 354304K, used 135751K [0x0000000080000000, 0x0000000100000000)
  region size 1024K, 18 young (18432K), 18 survivors (18432K)
 Metaspace       used 123546K, committed 124544K, reserved 1163264K
  class space    used 16993K, committed 17472K, reserved 1048576K
}
Event: 1092.432 GC heap before
{Heap before GC invocations=51 (full 0):
 garbage-first heap   total 354304K, used 323471K [0x0000000080000000, 0x0000000100000000)
  region size 1024K, 138 young (141312K), 18 survivors (18432K)
 Metaspace       used 124208K, committed 125312K, reserved 1163264K
  class space    used 17008K, committed 17536K, reserved 1048576K
}
Event: 1092.442 GC heap after
{Heap after GC invocations=52 (full 0):
 garbage-first heap   total 354304K, used 127967K [0x0000000080000000, 0x0000000100000000)
  region size 1024K, 4 young (4096K), 4 survivors (4096K)
 Metaspace       used 124208K, committed 125312K, reserved 1163264K
  class space    used 17008K, committed 17536K, reserved 1048576K
}
Event: 1092.550 GC heap before
{Heap before GC invocations=52 (full 0):
 garbage-first heap   total 354304K, used 140255K [0x0000000080000000, 0x0000000100000000)
  region size 1024K, 17 young (17408K), 4 survivors (4096K)
 Metaspace       used 124220K, committed 125312K, reserved 1163264K
  class space    used 17008K, committed 17536K, reserved 1048576K
}
Event: 1092.557 GC heap after
{Heap after GC invocations=53 (full 0):
 garbage-first heap   total 354304K, used 123476K [0x0000000080000000, 0x0000000100000000)
  region size 1024K, 3 young (3072K), 3 survivors (3072K)
 Metaspace       used 124220K, committed 125312K, reserved 1163264K
  class space    used 17008K, committed 17536K, reserved 1048576K
}
Event: 1099.816 GC heap before
{Heap before GC invocations=53 (full 0):
 garbage-first heap   total 354304K, used 265812K [0x0000000080000000, 0x0000000100000000)
  region size 1024K, 144 young (147456K), 3 survivors (3072K)
 Metaspace       used 125003K, committed 126080K, reserved 1163264K
  class space    used 17022K, committed 17536K, reserved 1048576K
}
Event: 1099.838 GC heap after
{Heap after GC invocations=54 (full 0):
 garbage-first heap   total 354304K, used 132094K [0x0000000080000000, 0x0000000100000000)
  region size 1024K, 12 young (12288K), 12 survivors (12288K)
 Metaspace       used 125003K, committed 126080K, reserved 1163264K
  class space    used 17022K, committed 17536K, reserved 1048576K
}
Event: 1936.651 GC heap before
{Heap before GC invocations=55 (full 0):
 garbage-first heap   total 354304K, used 327678K [0x0000000080000000, 0x0000000100000000)
  region size 1024K, 137 young (140288K), 12 survivors (12288K)
 Metaspace       used 125347K, committed 126400K, reserved 1163264K
  class space    used 17024K, committed 17536K, reserved 1048576K
}
Event: 1936.696 GC heap after
{Heap after GC invocations=56 (full 0):
 garbage-first heap   total 354304K, used 142536K [0x0000000080000000, 0x0000000100000000)
  region size 1024K, 21 young (21504K), 21 survivors (21504K)
 Metaspace       used 125347K, committed 126400K, reserved 1163264K
  class space    used 17024K, committed 17536K, reserved 1048576K
}
Event: 1936.789 GC heap before
{Heap before GC invocations=56 (full 0):
 garbage-first heap   total 354304K, used 143560K [0x0000000080000000, 0x0000000100000000)
  region size 1024K, 22 young (22528K), 21 survivors (21504K)
 Metaspace       used 125352K, committed 126400K, reserved 1163264K
  class space    used 17024K, committed 17536K, reserved 1048576K
}
Event: 1936.832 GC heap after
{Heap after GC invocations=57 (full 0):
 garbage-first heap   total 354304K, used 134784K [0x0000000080000000, 0x0000000100000000)
  region size 1024K, 3 young (3072K), 3 survivors (3072K)
 Metaspace       used 125352K, committed 126400K, reserved 1163264K
  class space    used 17024K, committed 17536K, reserved 1048576K
}
Event: 1937.803 GC heap before
{Heap before GC invocations=57 (full 0):
 garbage-first heap   total 354304K, used 206464K [0x0000000080000000, 0x0000000100000000)
  region size 1024K, 75 young (76800K), 3 survivors (3072K)
 Metaspace       used 125755K, committed 126848K, reserved 1163264K
  class space    used 17032K, committed 17536K, reserved 1048576K
}

