# JRE version: OpenJDK Runtime Environment (17.0.6) (build 17.0.6+0-b2043.56-10027231)
# Java VM: OpenJDK 64-Bit Server VM (17.0.6+0-b2043.56-10027231, mixed mode, tiered, compressed oops, compressed class ptrs, g1 gc, windows-amd64)
GC Precious Log:
 CPUs: 8 total, 8 available
 Memory: 12174M
 Large Page Support: Disabled
 NUMA Support: Disabled
 Compressed Oops: Enabled (32-bit)
 Heap Region Size: 1M
 Heap Min Capacity: 8M
 Heap Initial Capacity: 192M
 Heap Max Capacity: 2G
 Pre-touch: Disabled
 Parallel Workers: 8
 Concurrent Workers: 2
 Concurrent Refinement Workers: 8
 Periodic GC: Disabled
Heap:
 garbage-first heap   total 173056K, used 132811K [0x0000000080000000, 0x0000000100000000)
  region size 1024K, 44 young (45056K), 7 survivors (7168K)
 Metaspace       used 99537K, committed 100224K, reserved 1138688K
  class space    used 13616K, committed 13952K, reserved 1048576K
GC Heap History (20 events):
Event: 21.471 GC heap before
{Heap before GC invocations=29 (full 0):
 garbage-first heap   total 117760K, used 72016K [0x0000000080000000, 0x0000000100000000)
  region size 1024K, 8 young (8192K), 2 survivors (2048K)
 Metaspace       used 77322K, committed 77952K, reserved 1122304K
  class space    used 10284K, committed 10560K, reserved 1048576K
}
Event: 21.476 GC heap after
{Heap after GC invocations=30 (full 0):
 garbage-first heap   total 117760K, used 67122K [0x0000000080000000, 0x0000000100000000)
  region size 1024K, 2 young (2048K), 2 survivors (2048K)
 Metaspace       used 77322K, committed 77952K, reserved 1122304K
  class space    used 10284K, committed 10560K, reserved 1048576K
}
Event: 22.409 GC heap before
{Heap before GC invocations=31 (full 0):
 garbage-first heap   total 121856K, used 96818K [0x0000000080000000, 0x0000000100000000)
  region size 1024K, 30 young (30720K), 2 survivors (2048K)
 Metaspace       used 80929K, committed 81536K, reserved 1122304K
  class space    used 10978K, committed 11264K, reserved 1048576K
}
Event: 22.414 GC heap after
{Heap after GC invocations=32 (full 0):
 garbage-first heap   total 121856K, used 68269K [0x0000000080000000, 0x0000000100000000)
  region size 1024K, 3 young (3072K), 3 survivors (3072K)
 Metaspace       used 80929K, committed 81536K, reserved 1122304K
  class space    used 10978K, committed 11264K, reserved 1048576K
}
Event: 22.462 GC heap before
{Heap before GC invocations=32 (full 0):
 garbage-first heap   total 121856K, used 70317K [0x0000000080000000, 0x0000000100000000)
  region size 1024K, 5 young (5120K), 3 survivors (3072K)
 Metaspace       used 81164K, committed 81792K, reserved 1122304K
  class space    used 11007K, committed 11328K, reserved 1048576K
}
Event: 22.469 GC heap after
{Heap after GC invocations=33 (full 0):
 garbage-first heap   total 121856K, used 68156K [0x0000000080000000, 0x0000000100000000)
  region size 1024K, 1 young (1024K), 1 survivors (1024K)
 Metaspace       used 81164K, committed 81792K, reserved 1122304K
  class space    used 11007K, committed 11328K, reserved 1048576K
}
Event: 23.472 GC heap before
{Heap before GC invocations=33 (full 0):
 garbage-first heap   total 121856K, used 98876K [0x0000000080000000, 0x0000000100000000)
  region size 1024K, 31 young (31744K), 1 survivors (1024K)
 Metaspace       used 84212K, committed 84800K, reserved 1122304K
  class space    used 11436K, committed 11712K, reserved 1048576K
}
Event: 23.479 GC heap after
{Heap after GC invocations=34 (full 0):
 garbage-first heap   total 173056K, used 70320K [0x0000000080000000, 0x0000000100000000)
  region size 1024K, 3 young (3072K), 3 survivors (3072K)
 Metaspace       used 84212K, committed 84800K, reserved 1122304K
  class space    used 11436K, committed 11712K, reserved 1048576K
}
Event: 25.396 GC heap before
{Heap before GC invocations=35 (full 0):
 garbage-first heap   total 173056K, used 135856K [0x0000000080000000, 0x0000000100000000)
  region size 1024K, 67 young (68608K), 3 survivors (3072K)
 Metaspace       used 91486K, committed 92160K, reserved 1130496K
  class space    used 12484K, committed 12800K, reserved 1048576K
}
Event: 25.411 GC heap after
{Heap after GC invocations=36 (full 0):
 garbage-first heap   total 173056K, used 75668K [0x0000000080000000, 0x0000000100000000)
  region size 1024K, 8 young (8192K), 8 survivors (8192K)
 Metaspace       used 91486K, committed 92160K, reserved 1130496K
  class space    used 12484K, committed 12800K, reserved 1048576K
}
Event: 25.430 GC heap before
{Heap before GC invocations=36 (full 0):
 garbage-first heap   total 173056K, used 76692K [0x0000000080000000, 0x0000000100000000)
  region size 1024K, 9 young (9216K), 8 survivors (8192K)
 Metaspace       used 91528K, committed 92160K, reserved 1130496K
  class space    used 12489K, committed 12800K, reserved 1048576K
}
Event: 25.444 GC heap after
{Heap after GC invocations=37 (full 0):
 garbage-first heap   total 173056K, used 76332K [0x0000000080000000, 0x0000000100000000)
  region size 1024K, 2 young (2048K), 2 survivors (2048K)
 Metaspace       used 91528K, committed 92160K, reserved 1130496K
  class space    used 12489K, committed 12800K, reserved 1048576K
}
Event: 26.531 GC heap before
{Heap before GC invocations=37 (full 0):
 garbage-first heap   total 173056K, used 137772K [0x0000000080000000, 0x0000000100000000)
  region size 1024K, 62 young (63488K), 2 survivors (2048K)
 Metaspace       used 92896K, committed 93568K, reserved 1130496K
  class space    used 12676K, committed 12992K, reserved 1048576K
}
Event: 26.543 GC heap after
{Heap after GC invocations=38 (full 0):
 garbage-first heap   total 173056K, used 84386K [0x0000000080000000, 0x0000000100000000)
  region size 1024K, 8 young (8192K), 8 survivors (8192K)
 Metaspace       used 92896K, committed 93568K, reserved 1130496K
  class space    used 12676K, committed 12992K, reserved 1048576K
}
Event: 27.728 GC heap before
{Heap before GC invocations=38 (full 0):
 garbage-first heap   total 173056K, used 136610K [0x0000000080000000, 0x0000000100000000)
  region size 1024K, 60 young (61440K), 8 survivors (8192K)
 Metaspace       used 94847K, committed 95488K, reserved 1138688K
  class space    used 13019K, committed 13312K, reserved 1048576K
}
Event: 27.754 GC heap after
{Heap after GC invocations=39 (full 0):
 garbage-first heap   total 173056K, used 89605K [0x0000000080000000, 0x0000000100000000)
  region size 1024K, 5 young (5120K), 5 survivors (5120K)
 Metaspace       used 94847K, committed 95488K, reserved 1138688K
  class space    used 13019K, committed 13312K, reserved 1048576K
}
Event: 29.162 GC heap before
{Heap before GC invocations=39 (full 0):
 garbage-first heap   total 173056K, used 139781K [0x0000000080000000, 0x0000000100000000)
  region size 1024K, 54 young (55296K), 5 survivors (5120K)
 Metaspace       used 95658K, committed 96320K, reserved 1138688K
  class space    used 13088K, committed 13376K, reserved 1048576K
}
Event: 29.179 GC heap after
{Heap after GC invocations=40 (full 0):
 garbage-first heap   total 173056K, used 92847K [0x0000000080000000, 0x0000000100000000)
  region size 1024K, 4 young (4096K), 4 survivors (4096K)
 Metaspace       used 95658K, committed 96320K, reserved 1138688K
  class space    used 13088K, committed 13376K, reserved 1048576K
}
Event: 30.507 GC heap before
{Heap before GC invocations=40 (full 0):
 garbage-first heap   total 173056K, used 140975K [0x0000000080000000, 0x0000000100000000)
  region size 1024K, 52 young (53248K), 4 survivors (4096K)
 Metaspace       used 99053K, committed 99712K, reserved 1138688K
  class space    used 13537K, committed 13824K, reserved 1048576K
}
Event: 30.522 GC heap after
{Heap after GC invocations=41 (full 0):
 garbage-first heap   total 173056K, used 96971K [0x0000000080000000, 0x0000000100000000)
  region size 1024K, 7 young (7168K), 7 survivors (7168K)
 Metaspace       used 99053K, committed 99712K, reserved 1138688K
  class space    used 13537K, committed 13824K, reserved 1048576K
}

